2024-06-29 21:26:01 URL:https://deb.debian.org/debian/dists/buster/InRelease [121573/121573] -> "/root/ejer/scratch/rootfs/var/lib/apt/lists/partial/deb.debian.org_debian_dists_buster_InRelease" [1]
2024-06-29 21:26:01 URL:https://deb.debian.org/debian/dists/buster/main/binary-amd64/by-hash/SHA256/62e908201deef3b8e0a7da2e770925b31c8a54a8d22fad7cc058034978859a35 [7909256/7909256] -> "/root/ejer/scratch/rootfs/var/lib/apt/lists/partial/deb.debian.org_debian_dists_buster_main_binary-amd64_Packages.xz" [1]
2024-06-29 21:26:12 URL:https://deb.debian.org/debian/pool/main/a/adduser/adduser_3.118_all.deb [240384/240384] -> "/root/ejer/scratch/rootfs//var/cache/apt/archives/partial/adduser_3.118_all.deb" [1]
2024-06-29 21:26:12 URL:https://deb.debian.org/debian/pool/main/a/apt/apt_1.8.2.3_amd64.deb [1418424/1418424] -> "/root/ejer/scratch/rootfs//var/cache/apt/archives/partial/apt_1.8.2.3_amd64.deb" [1]
2024-06-29 21:26:12 URL:https://deb.debian.org/debian/pool/main/b/base-files/base-files_10.3+deb10u13_amd64.deb [69944/69944] -> "/root/ejer/scratch/rootfs//var/cache/apt/archives/partial/base-files_10.3+deb10u13_amd64.deb" [1]
2024-06-29 21:26:12 URL:https://deb.debian.org/debian/pool/main/b/base-passwd/base-passwd_3.5.46_amd64.deb [56720/56720] -> "/root/ejer/scratch/rootfs//var/cache/apt/archives/partial/base-passwd_3.5.46_amd64.deb" [1]
2024-06-29 21:26:12 URL:https://deb.debian.org/debian/pool/main/b/bash/bash_5.0-4_amd64.deb [1377592/1377592] -> "/root/ejer/scratch/rootfs//var/cache/apt/archives/partial/bash_5.0-4_amd64.deb" [1]
2024-06-29 21:26:12 URL:https://deb.debian.org/debian/pool/main/u/util-linux/bsdutils_2.33.1-0.1_amd64.deb [120888/120888] -> "/root/ejer/scratch/rootfs//var/cache/apt/archives/partial/bsdutils_1%3a2.33.1-0.1_amd64.deb" [1]
2024-06-29 21:26:12 URL:https://deb.debian.org/debian/pool/main/c/ca-certificates/ca-certificates_20200601~deb10u2_all.deb [165572/165572] -> "/root/ejer/scratch/rootfs//var/cache/apt/archives/partial/ca-certificates_20200601~deb10u2_all.deb" [1]
2024-06-29 21:26:12 URL:https://deb.debian.org/debian/pool/main/c/coreutils/coreutils_8.30-3_amd64.deb [2707932/2707932] -> "/root/ejer/scratch/rootfs//var/cache/apt/archives/partial/coreutils_8.30-3_amd64.deb" [1]
2024-06-29 21:26:12 URL:https://deb.debian.org/debian/pool/main/d/dash/dash_0.5.10.2-5_amd64.deb [111900/111900] -> "/root/ejer/scratch/rootfs//var/cache/apt/archives/partial/dash_0.5.10.2-5_amd64.deb" [1]
2024-06-29 21:26:12 URL:https://deb.debian.org/debian/pool/main/d/debconf/debconf_1.5.71+deb10u1_all.deb [144988/144988] -> "/root/ejer/scratch/rootfs//var/cache/apt/archives/partial/debconf_1.5.71+deb10u1_all.deb" [1]
2024-06-29 21:26:12 URL:https://deb.debian.org/debian/pool/main/d/debian-archive-keyring/debian-archive-keyring_2019.1+deb10u1_all.deb [93548/93548] -> "/root/ejer/scratch/rootfs//var/cache/apt/archives/partial/debian-archive-keyring_2019.1+deb10u1_all.deb" [1]
2024-06-29 21:26:12 URL:https://deb.debian.org/debian/pool/main/d/debianutils/debianutils_4.8.6.1_amd64.deb [100380/100380] -> "/root/ejer/scratch/rootfs//var/cache/apt/archives/partial/debianutils_4.8.6.1_amd64.deb" [1]
2024-06-29 21:26:12 URL:https://deb.debian.org/debian/pool/main/d/diffutils/diffutils_3.7-3_amd64.deb [371008/371008] -> "/root/ejer/scratch/rootfs//var/cache/apt/archives/partial/diffutils_1%3a3.7-3_amd64.deb" [1]
2024-06-29 21:26:12 URL:https://deb.debian.org/debian/pool/main/d/dpkg/dpkg_1.19.8_amd64.deb [2210156/2210156] -> "/root/ejer/scratch/rootfs//var/cache/apt/archives/partial/dpkg_1.19.8_amd64.deb" [1]
2024-06-29 21:26:12 URL:https://deb.debian.org/debian/pool/main/e/e2fsprogs/e2fsprogs_1.44.5-1+deb10u3_amd64.deb [575592/575592] -> "/root/ejer/scratch/rootfs//var/cache/apt/archives/partial/e2fsprogs_1.44.5-1+deb10u3_amd64.deb" [1]
2024-06-29 21:26:12 URL:https://deb.debian.org/debian/pool/main/u/util-linux/fdisk_2.33.1-0.1_amd64.deb [178608/178608] -> "/root/ejer/scratch/rootfs//var/cache/apt/archives/partial/fdisk_2.33.1-0.1_amd64.deb" [1]
2024-06-29 21:26:12 URL:https://deb.debian.org/debian/pool/main/f/findutils/findutils_4.6.0+git+20190209-2_amd64.deb [683532/683532] -> "/root/ejer/scratch/rootfs//var/cache/apt/archives/partial/findutils_4.6.0+git+20190209-2_amd64.deb" [1]
2024-06-29 21:26:12 URL:https://deb.debian.org/debian/pool/main/g/gcc-8/gcc-8-base_8.3.0-6_amd64.deb [190516/190516] -> "/root/ejer/scratch/rootfs//var/cache/apt/archives/partial/gcc-8-base_8.3.0-6_amd64.deb" [1]
2024-06-29 21:26:13 URL:https://deb.debian.org/debian/pool/main/g/gnupg2/gpgv_2.2.12-1+deb10u2_amd64.deb [584112/584112] -> "/root/ejer/scratch/rootfs//var/cache/apt/archives/partial/gpgv_2.2.12-1+deb10u2_amd64.deb" [1]
2024-06-29 21:26:13 URL:https://deb.debian.org/debian/pool/main/g/grep/grep_3.3-1_amd64.deb [372528/372528] -> "/root/ejer/scratch/rootfs//var/cache/apt/archives/partial/grep_3.3-1_amd64.deb" [1]
2024-06-29 21:26:13 URL:https://deb.debian.org/debian/pool/main/g/gzip/gzip_1.9-3+deb10u1_amd64.deb [128448/128448] -> "/root/ejer/scratch/rootfs//var/cache/apt/archives/partial/gzip_1.9-3+deb10u1_amd64.deb" [1]
2024-06-29 21:26:13 URL:https://deb.debian.org/debian/pool/main/h/hostname/hostname_3.21_amd64.deb [14792/14792] -> "/root/ejer/scratch/rootfs//var/cache/apt/archives/partial/hostname_3.21_amd64.deb" [1]
2024-06-29 21:26:13 URL:https://deb.debian.org/debian/pool/main/i/init-system-helpers/init-system-helpers_1.56+nmu1_all.deb [46832/46832] -> "/root/ejer/scratch/rootfs//var/cache/apt/archives/partial/init-system-helpers_1.56+nmu1_all.deb" [1]
2024-06-29 21:26:13 URL:https://deb.debian.org/debian/pool/main/a/acl/libacl1_2.2.53-4_amd64.deb [30436/30436] -> "/root/ejer/scratch/rootfs//var/cache/apt/archives/partial/libacl1_2.2.53-4_amd64.deb" [1]
2024-06-29 21:26:13 URL:https://deb.debian.org/debian/pool/main/a/apt/libapt-pkg5.0_1.8.2.3_amd64.deb [966804/966804] -> "/root/ejer/scratch/rootfs//var/cache/apt/archives/partial/libapt-pkg5.0_1.8.2.3_amd64.deb" [1]
2024-06-29 21:26:13 URL:https://deb.debian.org/debian/pool/main/a/attr/libattr1_2.4.48-4_amd64.deb [21324/21324] -> "/root/ejer/scratch/rootfs//var/cache/apt/archives/partial/libattr1_1%3a2.4.48-4_amd64.deb" [1]
2024-06-29 21:26:13 URL:https://deb.debian.org/debian/pool/main/a/audit/libaudit-common_2.8.4-3_all.deb [22440/22440] -> "/root/ejer/scratch/rootfs//var/cache/apt/archives/partial/libaudit-common_1%3a2.8.4-3_all.deb" [1]
2024-06-29 21:26:13 URL:https://deb.debian.org/debian/pool/main/a/audit/libaudit1_2.8.4-3_amd64.deb [57348/57348] -> "/root/ejer/scratch/rootfs//var/cache/apt/archives/partial/libaudit1_1%3a2.8.4-3_amd64.deb" [1]
2024-06-29 21:26:13 URL:https://deb.debian.org/debian/pool/main/u/util-linux/libblkid1_2.33.1-0.1_amd64.deb [194532/194532] -> "/root/ejer/scratch/rootfs//var/cache/apt/archives/partial/libblkid1_2.33.1-0.1_amd64.deb" [1]
2024-06-29 21:26:13 URL:https://deb.debian.org/debian/pool/main/b/bzip2/libbz2-1.0_1.0.6-9.2~deb10u1_amd64.deb [45264/45264] -> "/root/ejer/scratch/rootfs//var/cache/apt/archives/partial/libbz2-1.0_1.0.6-9.2~deb10u1_amd64.deb" [1]
2024-06-29 21:26:13 URL:https://deb.debian.org/debian/pool/main/g/glibc/libc-bin_2.28-10+deb10u1_amd64.deb [795416/795416] -> "/root/ejer/scratch/rootfs//var/cache/apt/archives/partial/libc-bin_2.28-10+deb10u1_amd64.deb" [1]
2024-06-29 21:26:13 URL:https://deb.debian.org/debian/pool/main/g/glibc/libc6_2.28-10+deb10u1_amd64.deb [2863212/2863212] -> "/root/ejer/scratch/rootfs//var/cache/apt/archives/partial/libc6_2.28-10+deb10u1_amd64.deb" [1]
2024-06-29 21:26:13 URL:https://deb.debian.org/debian/pool/main/libc/libcap-ng/libcap-ng0_0.7.9-2_amd64.deb [14292/14292] -> "/root/ejer/scratch/rootfs//var/cache/apt/archives/partial/libcap-ng0_0.7.9-2_amd64.deb" [1]
2024-06-29 21:26:13 URL:https://deb.debian.org/debian/pool/main/e/e2fsprogs/libcom-err2_1.44.5-1+deb10u3_amd64.deb [68396/68396] -> "/root/ejer/scratch/rootfs//var/cache/apt/archives/partial/libcom-err2_1.44.5-1+deb10u3_amd64.deb" [1]
2024-06-29 21:26:13 URL:https://deb.debian.org/debian/pool/main/d/db5.3/libdb5.3_5.3.28+dfsg1-0.5_amd64.deb [683176/683176] -> "/root/ejer/scratch/rootfs//var/cache/apt/archives/partial/libdb5.3_5.3.28+dfsg1-0.5_amd64.deb" [1]
2024-06-29 21:26:13 URL:https://deb.debian.org/debian/pool/main/c/cdebconf/libdebconfclient0_0.249_amd64.deb [49148/49148] -> "/root/ejer/scratch/rootfs//var/cache/apt/archives/partial/libdebconfclient0_0.249_amd64.deb" [1]
2024-06-29 21:26:13 URL:https://deb.debian.org/debian/pool/main/e/e2fsprogs/libext2fs2_1.44.5-1+deb10u3_amd64.deb [220564/220564] -> "/root/ejer/scratch/rootfs//var/cache/apt/archives/partial/libext2fs2_1.44.5-1+deb10u3_amd64.deb" [1]
2024-06-29 21:26:13 URL:https://deb.debian.org/debian/pool/main/u/util-linux/libfdisk1_2.33.1-0.1_amd64.deb [234124/234124] -> "/root/ejer/scratch/rootfs//var/cache/apt/archives/partial/libfdisk1_2.33.1-0.1_amd64.deb" [1]
2024-06-29 21:26:13 URL:https://deb.debian.org/debian/pool/main/libf/libffi/libffi6_3.2.1-9_amd64.deb [20812/20812] -> "/root/ejer/scratch/rootfs//var/cache/apt/archives/partial/libffi6_3.2.1-9_amd64.deb" [1]
2024-06-29 21:26:13 URL:https://deb.debian.org/debian/pool/main/g/gcc-8/libgcc1_8.3.0-6_amd64.deb [40640/40640] -> "/root/ejer/scratch/rootfs//var/cache/apt/archives/partial/libgcc1_1%3a8.3.0-6_amd64.deb" [1]
2024-06-29 21:26:13 URL:https://deb.debian.org/debian/pool/main/libg/libgcrypt20/libgcrypt20_1.8.4-5+deb10u1_amd64.deb [556228/556228] -> "/root/ejer/scratch/rootfs//var/cache/apt/archives/partial/libgcrypt20_1.8.4-5+deb10u1_amd64.deb" [1]
2024-06-29 21:26:13 URL:https://deb.debian.org/debian/pool/main/g/gmp/libgmp10_6.1.2+dfsg-4+deb10u1_amd64.deb [251120/251120] -> "/root/ejer/scratch/rootfs//var/cache/apt/archives/partial/libgmp10_2%3a6.1.2+dfsg-4+deb10u1_amd64.deb" [1]
2024-06-29 21:26:13 URL:https://deb.debian.org/debian/pool/main/g/gnutls28/libgnutls30_3.6.7-4+deb10u8_amd64.deb [1126044/1126044] -> "/root/ejer/scratch/rootfs//var/cache/apt/archives/partial/libgnutls30_3.6.7-4+deb10u8_amd64.deb" [1]
2024-06-29 21:26:13 URL:https://deb.debian.org/debian/pool/main/libg/libgpg-error/libgpg-error0_1.35-1_amd64.deb [71140/71140] -> "/root/ejer/scratch/rootfs//var/cache/apt/archives/partial/libgpg-error0_1.35-1_amd64.deb" [1]
2024-06-29 21:26:13 URL:https://deb.debian.org/debian/pool/main/n/nettle/libhogweed4_3.4.1-1+deb10u1_amd64.deb [140832/140832] -> "/root/ejer/scratch/rootfs//var/cache/apt/archives/partial/libhogweed4_3.4.1-1+deb10u1_amd64.deb" [1]
2024-06-29 21:26:13 URL:https://deb.debian.org/debian/pool/main/libi/libidn2/libidn2-0_2.0.5-1+deb10u1_amd64.deb [76720/76720] -> "/root/ejer/scratch/rootfs//var/cache/apt/archives/partial/libidn2-0_2.0.5-1+deb10u1_amd64.deb" [1]
2024-06-29 21:26:13 URL:https://deb.debian.org/debian/pool/main/l/lz4/liblz4-1_1.8.3-1+deb10u1_amd64.deb [53320/53320] -> "/root/ejer/scratch/rootfs//var/cache/apt/archives/partial/liblz4-1_1.8.3-1+deb10u1_amd64.deb" [1]
2024-06-29 21:26:14 URL:https://deb.debian.org/debian/pool/main/x/xz-utils/liblzma5_5.2.4-1+deb10u1_amd64.deb [152628/152628] -> "/root/ejer/scratch/rootfs//var/cache/apt/archives/partial/liblzma5_5.2.4-1+deb10u1_amd64.deb" [1]
2024-06-29 21:26:14 URL:https://deb.debian.org/debian/pool/main/u/util-linux/libmount1_2.33.1-0.1_amd64.deb [207180/207180] -> "/root/ejer/scratch/rootfs//var/cache/apt/archives/partial/libmount1_2.33.1-0.1_amd64.deb" [1]
2024-06-29 21:26:14 URL:https://deb.debian.org/debian/pool/main/n/ncurses/libncursesw6_6.1+20181013-2+deb10u2_amd64.deb [131596/131596] -> "/root/ejer/scratch/rootfs//var/cache/apt/archives/partial/libncursesw6_6.1+20181013-2+deb10u2_amd64.deb" [1]
2024-06-29 21:26:14 URL:https://deb.debian.org/debian/pool/main/n/nettle/libnettle6_3.4.1-1+deb10u1_amd64.deb [214552/214552] -> "/root/ejer/scratch/rootfs//var/cache/apt/archives/partial/libnettle6_3.4.1-1+deb10u1_amd64.deb" [1]
2024-06-29 21:26:14 URL:https://deb.debian.org/debian/pool/main/p/p11-kit/libp11-kit0_0.23.15-2+deb10u1_amd64.deb [316440/316440] -> "/root/ejer/scratch/rootfs//var/cache/apt/archives/partial/libp11-kit0_0.23.15-2+deb10u1_amd64.deb" [1]
2024-06-29 21:26:14 URL:https://deb.debian.org/debian/pool/main/p/pam/libpam-modules_1.3.1-5_amd64.deb [309204/309204] -> "/root/ejer/scratch/rootfs//var/cache/apt/archives/partial/libpam-modules_1.3.1-5_amd64.deb" [1]
2024-06-29 21:26:14 URL:https://deb.debian.org/debian/pool/main/p/pam/libpam-modules-bin_1.3.1-5_amd64.deb [106628/106628] -> "/root/ejer/scratch/rootfs//var/cache/apt/archives/partial/libpam-modules-bin_1.3.1-5_amd64.deb" [1]
2024-06-29 21:26:14 URL:https://deb.debian.org/debian/pool/main/p/pam/libpam-runtime_1.3.1-5_all.deb [211252/211252] -> "/root/ejer/scratch/rootfs//var/cache/apt/archives/partial/libpam-runtime_1.3.1-5_all.deb" [1]
2024-06-29 21:26:14 URL:https://deb.debian.org/debian/pool/main/p/pam/libpam0g_1.3.1-5_amd64.deb [126284/126284] -> "/root/ejer/scratch/rootfs//var/cache/apt/archives/partial/libpam0g_1.3.1-5_amd64.deb" [1]
2024-06-29 21:26:14 URL:https://deb.debian.org/debian/pool/main/p/pcre3/libpcre3_8.39-12_amd64.deb [341168/341168] -> "/root/ejer/scratch/rootfs//var/cache/apt/archives/partial/libpcre3_2%3a8.39-12_amd64.deb" [1]
2024-06-29 21:26:14 URL:https://deb.debian.org/debian/pool/main/libs/libseccomp/libseccomp2_2.3.3-4_amd64.deb [41384/41384] -> "/root/ejer/scratch/rootfs//var/cache/apt/archives/partial/libseccomp2_2.3.3-4_amd64.deb" [1]
2024-06-29 21:26:14 URL:https://deb.debian.org/debian/pool/main/libs/libselinux/libselinux1_2.8-1+b1_amd64.deb [86916/86916] -> "/root/ejer/scratch/rootfs//var/cache/apt/archives/partial/libselinux1_2.8-1+b1_amd64.deb" [1]
2024-06-29 21:26:14 URL:https://deb.debian.org/debian/pool/main/libs/libsemanage/libsemanage-common_2.8-2_all.deb [17664/17664] -> "/root/ejer/scratch/rootfs//var/cache/apt/archives/partial/libsemanage-common_2.8-2_all.deb" [1]
2024-06-29 21:26:14 URL:https://deb.debian.org/debian/pool/main/libs/libsemanage/libsemanage1_2.8-2_amd64.deb [96520/96520] -> "/root/ejer/scratch/rootfs//var/cache/apt/archives/partial/libsemanage1_2.8-2_amd64.deb" [1]
2024-06-29 21:26:14 URL:https://deb.debian.org/debian/pool/main/libs/libsepol/libsepol1_2.8-1_amd64.deb [262528/262528] -> "/root/ejer/scratch/rootfs//var/cache/apt/archives/partial/libsepol1_2.8-1_amd64.deb" [1]
2024-06-29 21:26:14 URL:https://deb.debian.org/debian/pool/main/u/util-linux/libsmartcols1_2.33.1-0.1_amd64.deb [150064/150064] -> "/root/ejer/scratch/rootfs//var/cache/apt/archives/partial/libsmartcols1_2.33.1-0.1_amd64.deb" [1]
2024-06-29 21:26:14 URL:https://deb.debian.org/debian/pool/main/e/e2fsprogs/libss2_1.44.5-1+deb10u3_amd64.deb [72860/72860] -> "/root/ejer/scratch/rootfs//var/cache/apt/archives/partial/libss2_1.44.5-1+deb10u3_amd64.deb" [1]
2024-06-29 21:26:14 URL:https://deb.debian.org/debian/pool/main/o/openssl/libssl1.1_1.1.1n-0+deb10u3_amd64.deb [1550744/1550744] -> "/root/ejer/scratch/rootfs//var/cache/apt/archives/partial/libssl1.1_1.1.1n-0+deb10u3_amd64.deb" [1]
2024-06-29 21:26:14 URL:https://deb.debian.org/debian/pool/main/g/gcc-8/libstdc++6_8.3.0-6_amd64.deb [394664/394664] -> "/root/ejer/scratch/rootfs//var/cache/apt/archives/partial/libstdc++6_8.3.0-6_amd64.deb" [1]
2024-06-29 21:26:14 URL:https://deb.debian.org/debian/pool/main/s/systemd/libsystemd0_241-7~deb10u8_amd64.deb [331456/331456] -> "/root/ejer/scratch/rootfs//var/cache/apt/archives/partial/libsystemd0_241-7~deb10u8_amd64.deb" [1]
2024-06-29 21:26:14 URL:https://deb.debian.org/debian/pool/main/libt/libtasn1-6/libtasn1-6_4.13-3_amd64.deb [51888/51888] -> "/root/ejer/scratch/rootfs//var/cache/apt/archives/partial/libtasn1-6_4.13-3_amd64.deb" [1]
2024-06-29 21:26:14 URL:https://deb.debian.org/debian/pool/main/n/ncurses/libtinfo6_6.1+20181013-2+deb10u2_amd64.deb [325328/325328] -> "/root/ejer/scratch/rootfs//var/cache/apt/archives/partial/libtinfo6_6.1+20181013-2+deb10u2_amd64.deb" [1]
2024-06-29 21:26:14 URL:https://deb.debian.org/debian/pool/main/s/systemd/libudev1_241-7~deb10u8_amd64.deb [151072/151072] -> "/root/ejer/scratch/rootfs//var/cache/apt/archives/partial/libudev1_241-7~deb10u8_amd64.deb" [1]
2024-06-29 21:26:14 URL:https://deb.debian.org/debian/pool/main/libu/libunistring/libunistring2_0.9.10-1_amd64.deb [381296/381296] -> "/root/ejer/scratch/rootfs//var/cache/apt/archives/partial/libunistring2_0.9.10-1_amd64.deb" [1]
2024-06-29 21:26:15 URL:https://deb.debian.org/debian/pool/main/u/util-linux/libuuid1_2.33.1-0.1_amd64.deb [78260/78260] -> "/root/ejer/scratch/rootfs//var/cache/apt/archives/partial/libuuid1_2.33.1-0.1_amd64.deb" [1]
2024-06-29 21:26:15 URL:https://deb.debian.org/debian/pool/main/libz/libzstd/libzstd1_1.3.8+dfsg-3+deb10u2_amd64.deb [236616/236616] -> "/root/ejer/scratch/rootfs//var/cache/apt/archives/partial/libzstd1_1.3.8+dfsg-3+deb10u2_amd64.deb" [1]
2024-06-29 21:26:15 URL:https://deb.debian.org/debian/pool/main/s/shadow/login_4.5-1.1_amd64.deb [750700/750700] -> "/root/ejer/scratch/rootfs//var/cache/apt/archives/partial/login_1%3a4.5-1.1_amd64.deb" [1]
2024-06-29 21:26:15 URL:https://deb.debian.org/debian/pool/main/m/mawk/mawk_1.3.3-17+b3_amd64.deb [84562/84562] -> "/root/ejer/scratch/rootfs//var/cache/apt/archives/partial/mawk_1.3.3-17+b3_amd64.deb" [1]
2024-06-29 21:26:15 URL:https://deb.debian.org/debian/pool/main/u/util-linux/mount_2.33.1-0.1_amd64.deb [173780/173780] -> "/root/ejer/scratch/rootfs//var/cache/apt/archives/partial/mount_2.33.1-0.1_amd64.deb" [1]
2024-06-29 21:26:15 URL:https://deb.debian.org/debian/pool/main/n/ncurses/ncurses-base_6.1+20181013-2+deb10u2_all.deb [258480/258480] -> "/root/ejer/scratch/rootfs//var/cache/apt/archives/partial/ncurses-base_6.1+20181013-2+deb10u2_all.deb" [1]
2024-06-29 21:26:15 URL:https://deb.debian.org/debian/pool/main/n/ncurses/ncurses-bin_6.1+20181013-2+deb10u2_amd64.deb [406472/406472] -> "/root/ejer/scratch/rootfs//var/cache/apt/archives/partial/ncurses-bin_6.1+20181013-2+deb10u2_amd64.deb" [1]
2024-06-29 21:26:15 URL:https://deb.debian.org/debian/pool/main/o/openssl/openssl_1.1.1n-0+deb10u3_amd64.deb [854632/854632] -> "/root/ejer/scratch/rootfs//var/cache/apt/archives/partial/openssl_1.1.1n-0+deb10u3_amd64.deb" [1]
2024-06-29 21:26:15 URL:https://deb.debian.org/debian/pool/main/s/shadow/passwd_4.5-1.1_amd64.deb [1004692/1004692] -> "/root/ejer/scratch/rootfs//var/cache/apt/archives/partial/passwd_1%3a4.5-1.1_amd64.deb" [1]
2024-06-29 21:26:15 URL:https://deb.debian.org/debian/pool/main/p/perl/perl-base_5.28.1-6+deb10u1_amd64.deb [1513972/1513972] -> "/root/ejer/scratch/rootfs//var/cache/apt/archives/partial/perl-base_5.28.1-6+deb10u1_amd64.deb" [1]
2024-06-29 21:26:15 URL:https://deb.debian.org/debian/pool/main/s/sed/sed_4.7-1_amd64.deb [309632/309632] -> "/root/ejer/scratch/rootfs//var/cache/apt/archives/partial/sed_4.7-1_amd64.deb" [1]
2024-06-29 21:26:15 URL:https://deb.debian.org/debian/pool/main/s/sysvinit/sysvinit-utils_2.93-8_amd64.deb [78404/78404] -> "/root/ejer/scratch/rootfs//var/cache/apt/archives/partial/sysvinit-utils_2.93-8_amd64.deb" [1]
2024-06-29 21:26:15 URL:https://deb.debian.org/debian/pool/main/t/tar/tar_1.30+dfsg-6_amd64.deb [779872/779872] -> "/root/ejer/scratch/rootfs//var/cache/apt/archives/partial/tar_1.30+dfsg-6_amd64.deb" [1]
2024-06-29 21:26:15 URL:https://deb.debian.org/debian/pool/main/t/tzdata/tzdata_2021a-0+deb10u6_all.deb [265296/265296] -> "/root/ejer/scratch/rootfs//var/cache/apt/archives/partial/tzdata_2021a-0+deb10u6_all.deb" [1]
2024-06-29 21:26:15 URL:https://deb.debian.org/debian/pool/main/u/util-linux/util-linux_2.33.1-0.1_amd64.deb [1062072/1062072] -> "/root/ejer/scratch/rootfs//var/cache/apt/archives/partial/util-linux_2.33.1-0.1_amd64.deb" [1]
2024-06-29 21:26:15 URL:https://deb.debian.org/debian/pool/main/z/zlib/zlib1g_1.2.11.dfsg-1+deb10u1_amd64.deb [90828/90828] -> "/root/ejer/scratch/rootfs//var/cache/apt/archives/partial/zlib1g_1%3a1.2.11.dfsg-1+deb10u1_amd64.deb" [1]
dpkg: warning: parsing file '/var/lib/dpkg/status' near line 5 package 'dpkg':
 missing 'Description' field
dpkg: warning: parsing file '/var/lib/dpkg/status' near line 5 package 'dpkg':
 missing 'Architecture' field
Selecting previously unselected package base-passwd.
(Reading database ... 0 files and directories currently installed.)
Preparing to unpack .../base-passwd_3.5.46_amd64.deb ...
Unpacking base-passwd (3.5.46) ...
dpkg: base-passwd: dependency problems, but configuring anyway as you requested:
 base-passwd depends on libc6 (>= 2.8); however:
  Package libc6 is not installed.
 base-passwd depends on libdebconfclient0 (>= 0.145); however:
  Package libdebconfclient0 is not installed.

Setting up base-passwd (3.5.46) ...
dpkg: warning: parsing file '/var/lib/dpkg/status' near line 24 package 'dpkg':
 missing 'Description' field
dpkg: warning: parsing file '/var/lib/dpkg/status' near line 24 package 'dpkg':
 missing 'Architecture' field
Selecting previously unselected package base-files.
dpkg: regarding .../base-files_10.3+deb10u13_amd64.deb containing base-files, pre-dependency problem:
 base-files pre-depends on awk
  awk is not installed.

dpkg: warning: ignoring pre-dependency problem!
(Reading database ... 41 files and directories currently installed.)
Preparing to unpack .../base-files_10.3+deb10u13_amd64.deb ...
Unpacking base-files (10.3+deb10u13) ...
dpkg: base-files: dependency problems, but configuring anyway as you requested:
 base-files depends on awk; however:
  Package awk is not installed.

Setting up base-files (10.3+deb10u13) ...
dpkg: warning: parsing file '/var/lib/dpkg/status' near line 51 package 'dpkg':
 missing 'Description' field
dpkg: warning: parsing file '/var/lib/dpkg/status' near line 51 package 'dpkg':
 missing 'Architecture' field
dpkg: regarding .../archives/dpkg_1.19.8_amd64.deb containing dpkg, pre-dependency problem:
 dpkg pre-depends on libbz2-1.0
  libbz2-1.0 is not installed.

dpkg: warning: ignoring pre-dependency problem!
dpkg: regarding .../archives/dpkg_1.19.8_amd64.deb containing dpkg, pre-dependency problem:
 dpkg pre-depends on libc6 (>= 2.15)
  libc6 is not installed.

dpkg: warning: ignoring pre-dependency problem!
dpkg: regarding .../archives/dpkg_1.19.8_amd64.deb containing dpkg, pre-dependency problem:
 dpkg pre-depends on liblzma5 (>= 5.2.2)
  liblzma5 is not installed.

dpkg: warning: ignoring pre-dependency problem!
dpkg: regarding .../archives/dpkg_1.19.8_amd64.deb containing dpkg, pre-dependency problem:
 dpkg pre-depends on libselinux1 (>= 2.3)
  libselinux1 is not installed.

dpkg: warning: ignoring pre-dependency problem!
dpkg: regarding .../archives/dpkg_1.19.8_amd64.deb containing dpkg, pre-dependency problem:
 dpkg pre-depends on zlib1g (>= 1:1.1.4)
  zlib1g is not installed.

dpkg: warning: ignoring pre-dependency problem!
(Reading database ... 121 files and directories currently installed.)
Preparing to unpack .../archives/dpkg_1.19.8_amd64.deb ...
Unpacking dpkg (1.19.8) over (1.19.8) ...
dpkg: dpkg: dependency problems, but configuring anyway as you requested:
 dpkg depends on libbz2-1.0; however:
  Package libbz2-1.0 is not installed.
 dpkg depends on libc6 (>= 2.15); however:
  Package libc6 is not installed.
 dpkg depends on liblzma5 (>= 5.2.2); however:
  Package liblzma5 is not installed.
 dpkg depends on libselinux1 (>= 2.3); however:
  Package libselinux1 is not installed.
 dpkg depends on zlib1g (>= 1:1.1.4); however:
  Package zlib1g is not installed.
 dpkg depends on tar (>= 1.28-1); however:
  Package tar is not installed.

Setting up dpkg (1.19.8) ...
Selecting previously unselected package libc6:amd64.
(Reading database ... 364 files and directories currently installed.)
Preparing to unpack .../libc6_2.28-10+deb10u1_amd64.deb ...
Unpacking libc6:amd64 (2.28-10+deb10u1) ...
dpkg: libc6:amd64: dependency problems, but configuring anyway as you requested:
 libc6:amd64 depends on libgcc1; however:
  Package libgcc1 is not installed.

Setting up libc6:amd64 (2.28-10+deb10u1) ...
Selecting previously unselected package perl-base.
(Reading database ... 680 files and directories currently installed.)
Preparing to unpack .../perl-base_5.28.1-6+deb10u1_amd64.deb ...
Unpacking perl-base (5.28.1-6+deb10u1) ...
Setting up perl-base (5.28.1-6+deb10u1) ...
Selecting previously unselected package mawk.
(Reading database ... 1340 files and directories currently installed.)
Preparing to unpack .../mawk_1.3.3-17+b3_amd64.deb ...
Unpacking mawk (1.3.3-17+b3) ...
Setting up mawk (1.3.3-17+b3) ...
Selecting previously unselected package adduser.
(Reading database ... 1360 files and directories currently installed.)
Preparing to unpack .../archives/adduser_3.118_all.deb ...
Unpacking adduser (3.118) ...
Selecting previously unselected package apt.
Preparing to unpack .../archives/apt_1.8.2.3_amd64.deb ...
Unpacking apt (1.8.2.3) ...
Preparing to unpack .../base-files_10.3+deb10u13_amd64.deb ...
Unpacking base-files (10.3+deb10u13) over (10.3+deb10u13) ...
Preparing to unpack .../base-passwd_3.5.46_amd64.deb ...
Unpacking base-passwd (3.5.46) over (3.5.46) ...
Selecting previously unselected package bash.
dpkg: regarding .../archives/bash_5.0-4_amd64.deb containing bash, pre-dependency problem:
 bash pre-depends on libtinfo6 (>= 6)
  libtinfo6 is not installed.

dpkg: warning: ignoring pre-dependency problem!
Preparing to unpack .../archives/bash_5.0-4_amd64.deb ...
Unpacking bash (5.0-4) ...
Selecting previously unselected package bsdutils.
dpkg: regarding .../bsdutils_1%3a2.33.1-0.1_amd64.deb containing bsdutils, pre-dependency problem:
 bsdutils pre-depends on libsystemd0
  libsystemd0 is not installed.

dpkg: warning: ignoring pre-dependency problem!
Preparing to unpack .../bsdutils_1%3a2.33.1-0.1_amd64.deb ...
Unpacking bsdutils (1:2.33.1-0.1) ...
Selecting previously unselected package coreutils.
dpkg: regarding .../coreutils_8.30-3_amd64.deb containing coreutils, pre-dependency problem:
 coreutils pre-depends on libacl1 (>= 2.2.23)
  libacl1 is not installed.

dpkg: warning: ignoring pre-dependency problem!
dpkg: regarding .../coreutils_8.30-3_amd64.deb containing coreutils, pre-dependency problem:
 coreutils pre-depends on libattr1 (>= 1:2.4.44)
  libattr1 is not installed.

dpkg: warning: ignoring pre-dependency problem!
dpkg: regarding .../coreutils_8.30-3_amd64.deb containing coreutils, pre-dependency problem:
 coreutils pre-depends on libselinux1 (>= 2.1.13)
  libselinux1 is not installed.

dpkg: warning: ignoring pre-dependency problem!
Preparing to unpack .../coreutils_8.30-3_amd64.deb ...
Unpacking coreutils (8.30-3) ...
Selecting previously unselected package dash.
Preparing to unpack .../dash_0.5.10.2-5_amd64.deb ...
Unpacking dash (0.5.10.2-5) ...
Selecting previously unselected package debconf.
Preparing to unpack .../debconf_1.5.71+deb10u1_all.deb ...
Unpacking debconf (1.5.71+deb10u1) ...
Selecting previously unselected package debian-archive-keyring.
Preparing to unpack .../debian-archive-keyring_2019.1+deb10u1_all.deb ...
Unpacking debian-archive-keyring (2019.1+deb10u1) ...
Selecting previously unselected package debianutils.
Preparing to unpack .../debianutils_4.8.6.1_amd64.deb ...
Unpacking debianutils (4.8.6.1) ...
Selecting previously unselected package diffutils.
Preparing to unpack .../diffutils_1%3a3.7-3_amd64.deb ...
Unpacking diffutils (1:3.7-3) ...
dpkg: regarding .../archives/dpkg_1.19.8_amd64.deb containing dpkg, pre-dependency problem:
 dpkg pre-depends on libbz2-1.0
  libbz2-1.0 is not installed.

dpkg: warning: ignoring pre-dependency problem!
dpkg: regarding .../archives/dpkg_1.19.8_amd64.deb containing dpkg, pre-dependency problem:
 dpkg pre-depends on liblzma5 (>= 5.2.2)
  liblzma5 is not installed.

dpkg: warning: ignoring pre-dependency problem!
dpkg: regarding .../archives/dpkg_1.19.8_amd64.deb containing dpkg, pre-dependency problem:
 dpkg pre-depends on libselinux1 (>= 2.3)
  libselinux1 is not installed.

dpkg: warning: ignoring pre-dependency problem!
dpkg: regarding .../archives/dpkg_1.19.8_amd64.deb containing dpkg, pre-dependency problem:
 dpkg pre-depends on zlib1g (>= 1:1.1.4)
  zlib1g is not installed.

dpkg: warning: ignoring pre-dependency problem!
Preparing to unpack .../archives/dpkg_1.19.8_amd64.deb ...
Unpacking dpkg (1.19.8) over (1.19.8) ...
Selecting previously unselected package e2fsprogs.
dpkg: regarding .../e2fsprogs_1.44.5-1+deb10u3_amd64.deb containing e2fsprogs, pre-dependency problem:
 e2fsprogs pre-depends on libblkid1 (>= 2.17.2)
  libblkid1 is not installed.

dpkg: warning: ignoring pre-dependency problem!
dpkg: regarding .../e2fsprogs_1.44.5-1+deb10u3_amd64.deb containing e2fsprogs, pre-dependency problem:
 e2fsprogs pre-depends on libcom-err2 (>= 1.43.9)
  libcom-err2 is not installed.

dpkg: warning: ignoring pre-dependency problem!
dpkg: regarding .../e2fsprogs_1.44.5-1+deb10u3_amd64.deb containing e2fsprogs, pre-dependency problem:
 e2fsprogs pre-depends on libext2fs2 (= 1.44.5-1+deb10u3)
  libext2fs2 is not installed.

dpkg: warning: ignoring pre-dependency problem!
dpkg: regarding .../e2fsprogs_1.44.5-1+deb10u3_amd64.deb containing e2fsprogs, pre-dependency problem:
 e2fsprogs pre-depends on libss2 (>= 1.38)
  libss2 is not installed.

dpkg: warning: ignoring pre-dependency problem!
dpkg: regarding .../e2fsprogs_1.44.5-1+deb10u3_amd64.deb containing e2fsprogs, pre-dependency problem:
 e2fsprogs pre-depends on libuuid1 (>= 2.16)
  libuuid1 is not installed.

dpkg: warning: ignoring pre-dependency problem!
Preparing to unpack .../e2fsprogs_1.44.5-1+deb10u3_amd64.deb ...
Unpacking e2fsprogs (1.44.5-1+deb10u3) ...
Selecting previously unselected package fdisk.
Preparing to unpack .../fdisk_2.33.1-0.1_amd64.deb ...
Unpacking fdisk (2.33.1-0.1) ...
Selecting previously unselected package findutils.
dpkg: regarding .../findutils_4.6.0+git+20190209-2_amd64.deb containing findutils, pre-dependency problem:
 findutils pre-depends on libselinux1 (>= 1.32)
  libselinux1 is not installed.

dpkg: warning: ignoring pre-dependency problem!
Preparing to unpack .../findutils_4.6.0+git+20190209-2_amd64.deb ...
Unpacking findutils (4.6.0+git+20190209-2) ...
Selecting previously unselected package gcc-8-base:amd64.
Preparing to unpack .../gcc-8-base_8.3.0-6_amd64.deb ...
Unpacking gcc-8-base:amd64 (8.3.0-6) ...
Selecting previously unselected package gpgv.
Preparing to unpack .../gpgv_2.2.12-1+deb10u2_amd64.deb ...
Unpacking gpgv (2.2.12-1+deb10u2) ...
Selecting previously unselected package grep.
dpkg: regarding .../archives/grep_3.3-1_amd64.deb containing grep, pre-dependency problem:
 grep pre-depends on libpcre3
  libpcre3 is not installed.

dpkg: warning: ignoring pre-dependency problem!
Preparing to unpack .../archives/grep_3.3-1_amd64.deb ...
Unpacking grep (3.3-1) ...
Selecting previously unselected package gzip.
Preparing to unpack .../gzip_1.9-3+deb10u1_amd64.deb ...
Unpacking gzip (1.9-3+deb10u1) ...
Selecting previously unselected package hostname.
Preparing to unpack .../hostname_3.21_amd64.deb ...
Unpacking hostname (3.21) ...
Selecting previously unselected package init-system-helpers.
Preparing to unpack .../init-system-helpers_1.56+nmu1_all.deb ...
Unpacking init-system-helpers (1.56+nmu1) ...
Selecting previously unselected package libacl1:amd64.
Preparing to unpack .../libacl1_2.2.53-4_amd64.deb ...
Unpacking libacl1:amd64 (2.2.53-4) ...
Selecting previously unselected package libapt-pkg5.0:amd64.
Preparing to unpack .../libapt-pkg5.0_1.8.2.3_amd64.deb ...
Unpacking libapt-pkg5.0:amd64 (1.8.2.3) ...
Selecting previously unselected package libattr1:amd64.
Preparing to unpack .../libattr1_1%3a2.4.48-4_amd64.deb ...
Unpacking libattr1:amd64 (1:2.4.48-4) ...
Selecting previously unselected package libaudit-common.
Preparing to unpack .../libaudit-common_1%3a2.8.4-3_all.deb ...
Unpacking libaudit-common (1:2.8.4-3) ...
Selecting previously unselected package libaudit1:amd64.
Preparing to unpack .../libaudit1_1%3a2.8.4-3_amd64.deb ...
Unpacking libaudit1:amd64 (1:2.8.4-3) ...
Selecting previously unselected package libblkid1:amd64.
Preparing to unpack .../libblkid1_2.33.1-0.1_amd64.deb ...
Unpacking libblkid1:amd64 (2.33.1-0.1) ...
Selecting previously unselected package libbz2-1.0:amd64.
Preparing to unpack .../libbz2-1.0_1.0.6-9.2~deb10u1_amd64.deb ...
Unpacking libbz2-1.0:amd64 (1.0.6-9.2~deb10u1) ...
Selecting previously unselected package libc-bin.
Preparing to unpack .../libc-bin_2.28-10+deb10u1_amd64.deb ...
Unpacking libc-bin (2.28-10+deb10u1) ...
Preparing to unpack .../libc6_2.28-10+deb10u1_amd64.deb ...
Unpacking libc6:amd64 (2.28-10+deb10u1) over (2.28-10+deb10u1) ...
Selecting previously unselected package libcap-ng0:amd64.
Preparing to unpack .../libcap-ng0_0.7.9-2_amd64.deb ...
Unpacking libcap-ng0:amd64 (0.7.9-2) ...
Selecting previously unselected package libcom-err2:amd64.
Preparing to unpack .../libcom-err2_1.44.5-1+deb10u3_amd64.deb ...
Unpacking libcom-err2:amd64 (1.44.5-1+deb10u3) ...
Selecting previously unselected package libdb5.3:amd64.
Preparing to unpack .../libdb5.3_5.3.28+dfsg1-0.5_amd64.deb ...
Unpacking libdb5.3:amd64 (5.3.28+dfsg1-0.5) ...
Selecting previously unselected package libdebconfclient0:amd64.
Preparing to unpack .../libdebconfclient0_0.249_amd64.deb ...
Unpacking libdebconfclient0:amd64 (0.249) ...
Selecting previously unselected package libext2fs2:amd64.
Preparing to unpack .../libext2fs2_1.44.5-1+deb10u3_amd64.deb ...
Unpacking libext2fs2:amd64 (1.44.5-1+deb10u3) ...
Selecting previously unselected package libfdisk1:amd64.
Preparing to unpack .../libfdisk1_2.33.1-0.1_amd64.deb ...
Unpacking libfdisk1:amd64 (2.33.1-0.1) ...
Selecting previously unselected package libffi6:amd64.
Preparing to unpack .../libffi6_3.2.1-9_amd64.deb ...
Unpacking libffi6:amd64 (3.2.1-9) ...
Selecting previously unselected package libgcc1:amd64.
Preparing to unpack .../libgcc1_1%3a8.3.0-6_amd64.deb ...
Unpacking libgcc1:amd64 (1:8.3.0-6) ...
Selecting previously unselected package libgcrypt20:amd64.
Preparing to unpack .../libgcrypt20_1.8.4-5+deb10u1_amd64.deb ...
Unpacking libgcrypt20:amd64 (1.8.4-5+deb10u1) ...
Selecting previously unselected package libgmp10:amd64.
Preparing to unpack .../libgmp10_2%3a6.1.2+dfsg-4+deb10u1_amd64.deb ...
Unpacking libgmp10:amd64 (2:6.1.2+dfsg-4+deb10u1) ...
Selecting previously unselected package libgnutls30:amd64.
Preparing to unpack .../libgnutls30_3.6.7-4+deb10u8_amd64.deb ...
Unpacking libgnutls30:amd64 (3.6.7-4+deb10u8) ...
Selecting previously unselected package libgpg-error0:amd64.
Preparing to unpack .../libgpg-error0_1.35-1_amd64.deb ...
Unpacking libgpg-error0:amd64 (1.35-1) ...
Selecting previously unselected package libhogweed4:amd64.
Preparing to unpack .../libhogweed4_3.4.1-1+deb10u1_amd64.deb ...
Unpacking libhogweed4:amd64 (3.4.1-1+deb10u1) ...
Selecting previously unselected package libidn2-0:amd64.
Preparing to unpack .../libidn2-0_2.0.5-1+deb10u1_amd64.deb ...
Unpacking libidn2-0:amd64 (2.0.5-1+deb10u1) ...
Selecting previously unselected package liblz4-1:amd64.
Preparing to unpack .../liblz4-1_1.8.3-1+deb10u1_amd64.deb ...
Unpacking liblz4-1:amd64 (1.8.3-1+deb10u1) ...
Selecting previously unselected package liblzma5:amd64.
Preparing to unpack .../liblzma5_5.2.4-1+deb10u1_amd64.deb ...
Unpacking liblzma5:amd64 (5.2.4-1+deb10u1) ...
Selecting previously unselected package libmount1:amd64.
Preparing to unpack .../libmount1_2.33.1-0.1_amd64.deb ...
Unpacking libmount1:amd64 (2.33.1-0.1) ...
Selecting previously unselected package libncursesw6:amd64.
Preparing to unpack .../libncursesw6_6.1+20181013-2+deb10u2_amd64.deb ...
Unpacking libncursesw6:amd64 (6.1+20181013-2+deb10u2) ...
Selecting previously unselected package libnettle6:amd64.
Preparing to unpack .../libnettle6_3.4.1-1+deb10u1_amd64.deb ...
Unpacking libnettle6:amd64 (3.4.1-1+deb10u1) ...
Selecting previously unselected package libp11-kit0:amd64.
Preparing to unpack .../libp11-kit0_0.23.15-2+deb10u1_amd64.deb ...
Unpacking libp11-kit0:amd64 (0.23.15-2+deb10u1) ...
Selecting previously unselected package libpam-modules:amd64.
dpkg: regarding .../libpam-modules_1.3.1-5_amd64.deb containing libpam-modules:amd64, pre-dependency problem:
 libpam-modules pre-depends on libaudit1 (>= 1:2.2.1)
  libaudit1:amd64 is unpacked, but has never been configured.

dpkg: warning: ignoring pre-dependency problem!
dpkg: regarding .../libpam-modules_1.3.1-5_amd64.deb containing libpam-modules:amd64, pre-dependency problem:
 libpam-modules pre-depends on libdb5.3
  libdb5.3:amd64 is unpacked, but has never been configured.

dpkg: warning: ignoring pre-dependency problem!
dpkg: regarding .../libpam-modules_1.3.1-5_amd64.deb containing libpam-modules:amd64, pre-dependency problem:
 libpam-modules pre-depends on libpam0g (>= 1.3.1)
  libpam0g is not installed.

dpkg: warning: ignoring pre-dependency problem!
dpkg: regarding .../libpam-modules_1.3.1-5_amd64.deb containing libpam-modules:amd64, pre-dependency problem:
 libpam-modules pre-depends on libselinux1 (>= 2.1.9)
  libselinux1 is not installed.

dpkg: warning: ignoring pre-dependency problem!
dpkg: regarding .../libpam-modules_1.3.1-5_amd64.deb containing libpam-modules:amd64, pre-dependency problem:
 libpam-modules pre-depends on debconf (>= 0.5) | debconf-2.0
  debconf is unpacked, but has never been configured.
  debconf provides debconf-2.0 but is unpacked but not configured.

dpkg: warning: ignoring pre-dependency problem!
dpkg: regarding .../libpam-modules_1.3.1-5_amd64.deb containing libpam-modules:amd64, pre-dependency problem:
 libpam-modules pre-depends on libpam-modules-bin (= 1.3.1-5)
  libpam-modules-bin is not installed.

dpkg: warning: ignoring pre-dependency problem!
Preparing to unpack .../libpam-modules_1.3.1-5_amd64.deb ...
Unpacking libpam-modules:amd64 (1.3.1-5) ...
Selecting previously unselected package libpam-modules-bin.
Preparing to unpack .../libpam-modules-bin_1.3.1-5_amd64.deb ...
Unpacking libpam-modules-bin (1.3.1-5) ...
Selecting previously unselected package libpam-runtime.
Preparing to unpack .../libpam-runtime_1.3.1-5_all.deb ...
Unpacking libpam-runtime (1.3.1-5) ...
Selecting previously unselected package libpam0g:amd64.
Preparing to unpack .../libpam0g_1.3.1-5_amd64.deb ...
Unpacking libpam0g:amd64 (1.3.1-5) ...
Selecting previously unselected package libpcre3:amd64.
Preparing to unpack .../libpcre3_2%3a8.39-12_amd64.deb ...
Unpacking libpcre3:amd64 (2:8.39-12) ...
Selecting previously unselected package libseccomp2:amd64.
Preparing to unpack .../libseccomp2_2.3.3-4_amd64.deb ...
Unpacking libseccomp2:amd64 (2.3.3-4) ...
Selecting previously unselected package libselinux1:amd64.
Preparing to unpack .../libselinux1_2.8-1+b1_amd64.deb ...
Unpacking libselinux1:amd64 (2.8-1+b1) ...
Selecting previously unselected package libsemanage-common.
Preparing to unpack .../libsemanage-common_2.8-2_all.deb ...
Unpacking libsemanage-common (2.8-2) ...
Selecting previously unselected package libsemanage1:amd64.
Preparing to unpack .../libsemanage1_2.8-2_amd64.deb ...
Unpacking libsemanage1:amd64 (2.8-2) ...
Selecting previously unselected package libsepol1:amd64.
Preparing to unpack .../libsepol1_2.8-1_amd64.deb ...
Unpacking libsepol1:amd64 (2.8-1) ...
Selecting previously unselected package libsmartcols1:amd64.
Preparing to unpack .../libsmartcols1_2.33.1-0.1_amd64.deb ...
Unpacking libsmartcols1:amd64 (2.33.1-0.1) ...
Selecting previously unselected package libss2:amd64.
Preparing to unpack .../libss2_1.44.5-1+deb10u3_amd64.deb ...
Unpacking libss2:amd64 (1.44.5-1+deb10u3) ...
Selecting previously unselected package libstdc++6:amd64.
Preparing to unpack .../libstdc++6_8.3.0-6_amd64.deb ...
Unpacking libstdc++6:amd64 (8.3.0-6) ...
Selecting previously unselected package libsystemd0:amd64.
dpkg: regarding .../libsystemd0_241-7~deb10u8_amd64.deb containing libsystemd0:amd64, pre-dependency problem:
 libsystemd0 pre-depends on libgcrypt20 (>= 1.8.0)
  libgcrypt20:amd64 is unpacked, but has never been configured.

dpkg: warning: ignoring pre-dependency problem!
dpkg: regarding .../libsystemd0_241-7~deb10u8_amd64.deb containing libsystemd0:amd64, pre-dependency problem:
 libsystemd0 pre-depends on liblz4-1 (>= 0.0~r122)
  liblz4-1:amd64 is unpacked, but has never been configured.

dpkg: warning: ignoring pre-dependency problem!
dpkg: regarding .../libsystemd0_241-7~deb10u8_amd64.deb containing libsystemd0:amd64, pre-dependency problem:
 libsystemd0 pre-depends on liblzma5 (>= 5.1.1alpha+20120614)
  liblzma5:amd64 is unpacked, but has never been configured.

dpkg: warning: ignoring pre-dependency problem!
Preparing to unpack .../libsystemd0_241-7~deb10u8_amd64.deb ...
Unpacking libsystemd0:amd64 (241-7~deb10u8) ...
Selecting previously unselected package libtasn1-6:amd64.
Preparing to unpack .../libtasn1-6_4.13-3_amd64.deb ...
Unpacking libtasn1-6:amd64 (4.13-3) ...
Selecting previously unselected package libtinfo6:amd64.
Preparing to unpack .../libtinfo6_6.1+20181013-2+deb10u2_amd64.deb ...
Unpacking libtinfo6:amd64 (6.1+20181013-2+deb10u2) ...
Selecting previously unselected package libudev1:amd64.
Preparing to unpack .../libudev1_241-7~deb10u8_amd64.deb ...
Unpacking libudev1:amd64 (241-7~deb10u8) ...
Selecting previously unselected package libunistring2:amd64.
Preparing to unpack .../libunistring2_0.9.10-1_amd64.deb ...
Unpacking libunistring2:amd64 (0.9.10-1) ...
Selecting previously unselected package libuuid1:amd64.
Preparing to unpack .../libuuid1_2.33.1-0.1_amd64.deb ...
Unpacking libuuid1:amd64 (2.33.1-0.1) ...
Selecting previously unselected package libzstd1:amd64.
Preparing to unpack .../libzstd1_1.3.8+dfsg-3+deb10u2_amd64.deb ...
Unpacking libzstd1:amd64 (1.3.8+dfsg-3+deb10u2) ...
Selecting previously unselected package login.
dpkg: regarding .../login_1%3a4.5-1.1_amd64.deb containing login, pre-dependency problem:
 login pre-depends on libaudit1 (>= 1:2.2.1)
  libaudit1:amd64 is unpacked, but has never been configured.

dpkg: warning: ignoring pre-dependency problem!
dpkg: regarding .../login_1%3a4.5-1.1_amd64.deb containing login, pre-dependency problem:
 login pre-depends on libpam0g (>= 0.99.7.1)
  libpam0g:amd64 is unpacked, but has never been configured.

dpkg: warning: ignoring pre-dependency problem!
dpkg: regarding .../login_1%3a4.5-1.1_amd64.deb containing login, pre-dependency problem:
 login pre-depends on libpam-runtime
  libpam-runtime is unpacked, but has never been configured.

dpkg: warning: ignoring pre-dependency problem!
dpkg: regarding .../login_1%3a4.5-1.1_amd64.deb containing login, pre-dependency problem:
 login pre-depends on libpam-modules (>= 1.1.8-1)
  libpam-modules:amd64 is unpacked, but has never been configured.

dpkg: warning: ignoring pre-dependency problem!
Preparing to unpack .../login_1%3a4.5-1.1_amd64.deb ...
Unpacking login (1:4.5-1.1) ...
Preparing to unpack .../mawk_1.3.3-17+b3_amd64.deb ...
Unpacking mawk (1.3.3-17+b3) over (1.3.3-17+b3) ...
Selecting previously unselected package mount.
dpkg: regarding .../mount_2.33.1-0.1_amd64.deb containing mount, pre-dependency problem:
 mount pre-depends on libblkid1 (>= 2.17.2)
  libblkid1:amd64 is unpacked, but has never been configured.

dpkg: warning: ignoring pre-dependency problem!
dpkg: regarding .../mount_2.33.1-0.1_amd64.deb containing mount, pre-dependency problem:
 mount pre-depends on libmount1 (>= 2.33)
  libmount1:amd64 is unpacked, but has never been configured.

dpkg: warning: ignoring pre-dependency problem!
dpkg: regarding .../mount_2.33.1-0.1_amd64.deb containing mount, pre-dependency problem:
 mount pre-depends on libselinux1 (>= 2.6-3~)
  libselinux1:amd64 is unpacked, but has never been configured.

dpkg: warning: ignoring pre-dependency problem!
dpkg: regarding .../mount_2.33.1-0.1_amd64.deb containing mount, pre-dependency problem:
 mount pre-depends on libsmartcols1 (>= 2.33)
  libsmartcols1:amd64 is unpacked, but has never been configured.

dpkg: warning: ignoring pre-dependency problem!
Preparing to unpack .../mount_2.33.1-0.1_amd64.deb ...
Unpacking mount (2.33.1-0.1) ...
Selecting previously unselected package ncurses-base.
Preparing to unpack .../ncurses-base_6.1+20181013-2+deb10u2_all.deb ...
Unpacking ncurses-base (6.1+20181013-2+deb10u2) ...
Selecting previously unselected package ncurses-bin.
dpkg: regarding .../ncurses-bin_6.1+20181013-2+deb10u2_amd64.deb containing ncurses-bin, pre-dependency problem:
 ncurses-bin pre-depends on libtinfo6 (>= 6.1)
  libtinfo6:amd64 is unpacked, but has never been configured.

dpkg: warning: ignoring pre-dependency problem!
Preparing to unpack .../ncurses-bin_6.1+20181013-2+deb10u2_amd64.deb ...
Unpacking ncurses-bin (6.1+20181013-2+deb10u2) ...
Selecting previously unselected package passwd.
Preparing to unpack .../passwd_1%3a4.5-1.1_amd64.deb ...
Unpacking passwd (1:4.5-1.1) ...
Preparing to unpack .../perl-base_5.28.1-6+deb10u1_amd64.deb ...
Unpacking perl-base (5.28.1-6+deb10u1) over (5.28.1-6+deb10u1) ...
Selecting previously unselected package sed.
dpkg: regarding .../archives/sed_4.7-1_amd64.deb containing sed, pre-dependency problem:
 sed pre-depends on libacl1 (>= 2.2.51-8)
  libacl1:amd64 is unpacked, but has never been configured.

dpkg: warning: ignoring pre-dependency problem!
dpkg: regarding .../archives/sed_4.7-1_amd64.deb containing sed, pre-dependency problem:
 sed pre-depends on libselinux1 (>= 1.32)
  libselinux1:amd64 is unpacked, but has never been configured.

dpkg: warning: ignoring pre-dependency problem!
Preparing to unpack .../archives/sed_4.7-1_amd64.deb ...
Unpacking sed (4.7-1) ...
Selecting previously unselected package sysvinit-utils.
Preparing to unpack .../sysvinit-utils_2.93-8_amd64.deb ...
Unpacking sysvinit-utils (2.93-8) ...
Selecting previously unselected package tar.
dpkg: regarding .../tar_1.30+dfsg-6_amd64.deb containing tar, pre-dependency problem:
 tar pre-depends on libacl1 (>= 2.2.23)
  libacl1:amd64 is unpacked, but has never been configured.

dpkg: warning: ignoring pre-dependency problem!
dpkg: regarding .../tar_1.30+dfsg-6_amd64.deb containing tar, pre-dependency problem:
 tar pre-depends on libselinux1 (>= 1.32)
  libselinux1:amd64 is unpacked, but has never been configured.

dpkg: warning: ignoring pre-dependency problem!
Preparing to unpack .../tar_1.30+dfsg-6_amd64.deb ...
Unpacking tar (1.30+dfsg-6) ...
Selecting previously unselected package tzdata.
Preparing to unpack .../tzdata_2021a-0+deb10u6_all.deb ...
Unpacking tzdata (2021a-0+deb10u6) ...
Selecting previously unselected package util-linux.
dpkg: regarding .../util-linux_2.33.1-0.1_amd64.deb containing util-linux, pre-dependency problem:
 util-linux pre-depends on libaudit1 (>= 1:2.2.1)
  libaudit1:amd64 is unpacked, but has never been configured.

dpkg: warning: ignoring pre-dependency problem!
dpkg: regarding .../util-linux_2.33.1-0.1_amd64.deb containing util-linux, pre-dependency problem:
 util-linux pre-depends on libblkid1 (>= 2.31.1)
  libblkid1:amd64 is unpacked, but has never been configured.

dpkg: warning: ignoring pre-dependency problem!
dpkg: regarding .../util-linux_2.33.1-0.1_amd64.deb containing util-linux, pre-dependency problem:
 util-linux pre-depends on libcap-ng0 (>= 0.7.9)
  libcap-ng0:amd64 is unpacked, but has never been configured.

dpkg: warning: ignoring pre-dependency problem!
dpkg: regarding .../util-linux_2.33.1-0.1_amd64.deb containing util-linux, pre-dependency problem:
 util-linux pre-depends on libmount1 (>= 2.25)
  libmount1:amd64 is unpacked, but has never been configured.

dpkg: warning: ignoring pre-dependency problem!
dpkg: regarding .../util-linux_2.33.1-0.1_amd64.deb containing util-linux, pre-dependency problem:
 util-linux pre-depends on libpam0g (>= 0.99.7.1)
  libpam0g:amd64 is unpacked, but has never been configured.

dpkg: warning: ignoring pre-dependency problem!
dpkg: regarding .../util-linux_2.33.1-0.1_amd64.deb containing util-linux, pre-dependency problem:
 util-linux pre-depends on libselinux1 (>= 2.6-3~)
  libselinux1:amd64 is unpacked, but has never been configured.

dpkg: warning: ignoring pre-dependency problem!
dpkg: regarding .../util-linux_2.33.1-0.1_amd64.deb containing util-linux, pre-dependency problem:
 util-linux pre-depends on libsmartcols1 (>= 2.33)
  libsmartcols1:amd64 is unpacked, but has never been configured.

dpkg: warning: ignoring pre-dependency problem!
dpkg: regarding .../util-linux_2.33.1-0.1_amd64.deb containing util-linux, pre-dependency problem:
 util-linux pre-depends on libsystemd0
  libsystemd0:amd64 is unpacked, but has never been configured.

dpkg: warning: ignoring pre-dependency problem!
dpkg: regarding .../util-linux_2.33.1-0.1_amd64.deb containing util-linux, pre-dependency problem:
 util-linux pre-depends on libtinfo6 (>= 6)
  libtinfo6:amd64 is unpacked, but has never been configured.

dpkg: warning: ignoring pre-dependency problem!
dpkg: regarding .../util-linux_2.33.1-0.1_amd64.deb containing util-linux, pre-dependency problem:
 util-linux pre-depends on libudev1 (>= 183)
  libudev1:amd64 is unpacked, but has never been configured.

dpkg: warning: ignoring pre-dependency problem!
dpkg: regarding .../util-linux_2.33.1-0.1_amd64.deb containing util-linux, pre-dependency problem:
 util-linux pre-depends on libuuid1 (>= 2.16)
  libuuid1:amd64 is unpacked, but has never been configured.

dpkg: warning: ignoring pre-dependency problem!
dpkg: regarding .../util-linux_2.33.1-0.1_amd64.deb containing util-linux, pre-dependency problem:
 util-linux pre-depends on zlib1g (>= 1:1.1.4)
  zlib1g is not installed.

dpkg: warning: ignoring pre-dependency problem!
Preparing to unpack .../util-linux_2.33.1-0.1_amd64.deb ...
Unpacking util-linux (2.33.1-0.1) ...
Selecting previously unselected package zlib1g:amd64.
Preparing to unpack .../zlib1g_1%3a1.2.11.dfsg-1+deb10u1_amd64.deb ...
Unpacking zlib1g:amd64 (1:1.2.11.dfsg-1+deb10u1) ...
Setting up debian-archive-keyring (2019.1+deb10u1) ...
Setting up libaudit-common (1:2.8.4-3) ...
Setting up libsemanage-common (2.8-2) ...
Setting up ncurses-base (6.1+20181013-2+deb10u2) ...
Setting up gcc-8-base:amd64 (8.3.0-6) ...
Setting up libc6:amd64 (2.28-10+deb10u1) ...
Setting up libudev1:amd64 (241-7~deb10u8) ...
Setting up libsepol1:amd64 (2.8-1) ...
Setting up libattr1:amd64 (1:2.4.48-4) ...
Setting up libtasn1-6:amd64 (4.13-3) ...
Setting up debianutils (4.8.6.1) ...
Setting up mawk (1.3.3-17+b3) ...
Setting up libdebconfclient0:amd64 (0.249) ...
Setting up base-files (10.3+deb10u13) ...
Setting up libbz2-1.0:amd64 (1.0.6-9.2~deb10u1) ...
Setting up base-passwd (3.5.46) ...
Setting up libdb5.3:amd64 (5.3.28+dfsg1-0.5) ...
Setting up libtinfo6:amd64 (6.1+20181013-2+deb10u2) ...
Setting up bash (5.0-4) ...
update-alternatives: using /usr/share/man/man7/bash-builtins.7.gz to provide /usr/share/man/man7/builtins.7.gz (builtins.7.gz) in auto mode
Setting up libzstd1:amd64 (1.3.8+dfsg-3+deb10u2) ...
Setting up liblzma5:amd64 (5.2.4-1+deb10u1) ...
Setting up libgpg-error0:amd64 (1.35-1) ...
Setting up libgcc1:amd64 (1:8.3.0-6) ...
Setting up liblz4-1:amd64 (1.8.3-1+deb10u1) ...
Setting up libc-bin (2.28-10+deb10u1) ...
Setting up ncurses-bin (6.1+20181013-2+deb10u2) ...
Setting up libacl1:amd64 (2.2.53-4) ...
Setting up libunistring2:amd64 (0.9.10-1) ...
Setting up libsmartcols1:amd64 (2.33.1-0.1) ...
Setting up libgcrypt20:amd64 (1.8.4-5+deb10u1) ...
Setting up zlib1g:amd64 (1:1.2.11.dfsg-1+deb10u1) ...
Setting up libffi6:amd64 (3.2.1-9) ...
Setting up libidn2-0:amd64 (2.0.5-1+deb10u1) ...
Setting up libcom-err2:amd64 (1.44.5-1+deb10u3) ...
Setting up diffutils (1:3.7-3) ...
Setting up libseccomp2:amd64 (2.3.3-4) ...
Setting up libsystemd0:amd64 (241-7~deb10u8) ...
Setting up hostname (3.21) ...
Setting up libpcre3:amd64 (2:8.39-12) ...
Setting up libcap-ng0:amd64 (0.7.9-2) ...
Setting up libext2fs2:amd64 (1.44.5-1+deb10u3) ...
Setting up libgmp10:amd64 (2:6.1.2+dfsg-4+deb10u1) ...
Setting up libp11-kit0:amd64 (0.23.15-2+deb10u1) ...
Setting up libaudit1:amd64 (1:2.8.4-3) ...
Setting up libuuid1:amd64 (2.33.1-0.1) ...
Setting up libss2:amd64 (1.44.5-1+deb10u3) ...
Setting up libncursesw6:amd64 (6.1+20181013-2+deb10u2) ...
Setting up libnettle6:amd64 (3.4.1-1+deb10u1) ...
Setting up gpgv (2.2.12-1+deb10u2) ...
Setting up libblkid1:amd64 (2.33.1-0.1) ...
Setting up libstdc++6:amd64 (8.3.0-6) ...
Setting up bsdutils (1:2.33.1-0.1) ...
Setting up libhogweed4:amd64 (3.4.1-1+deb10u1) ...
Setting up e2fsprogs (1.44.5-1+deb10u3) ...
Setting up libselinux1:amd64 (2.8-1+b1) ...
Setting up libgnutls30:amd64 (3.6.7-4+deb10u8) ...
Setting up sed (4.7-1) ...
Setting up libfdisk1:amd64 (2.33.1-0.1) ...
Setting up findutils (4.6.0+git+20190209-2) ...
Setting up libmount1:amd64 (2.33.1-0.1) ...
Setting up libapt-pkg5.0:amd64 (1.8.2.3) ...
Setting up libsemanage1:amd64 (2.8-2) ...
Setting up tar (1.30+dfsg-6) ...
update-alternatives: using /usr/sbin/rmt-tar to provide /usr/sbin/rmt (rmt) in auto mode
Setting up coreutils (8.30-3) ...
Setting up fdisk (2.33.1-0.1) ...
Setting up dpkg (1.19.8) ...
Setting up grep (3.3-1) ...
Setting up perl-base (5.28.1-6+deb10u1) ...
Setting up init-system-helpers (1.56+nmu1) ...
Setting up gzip (1.9-3+deb10u1) ...
Setting up debconf (1.5.71+deb10u1) ...
Setting up tzdata (2021a-0+deb10u6) ...

Current default time zone: 'Etc/UTC'
Local time is now:      Sat Jun 29 21:26:27 UTC 2024.
Universal Time is now:  Sat Jun 29 21:26:27 UTC 2024.
Run 'dpkg-reconfigure tzdata' if you wish to change it.

Setting up libpam0g:amd64 (1.3.1-5) ...
Setting up dash (0.5.10.2-5) ...
No diversion 'diversion of /bin/sh by bash', none removed.
Adding 'diversion of /bin/sh to /bin/sh.distrib by dash'
No diversion 'diversion of /usr/share/man/man1/sh.1.gz by bash', none removed.
Adding 'diversion of /usr/share/man/man1/sh.1.gz to /usr/share/man/man1/sh.distrib.1.gz by dash'
Setting up libpam-modules-bin (1.3.1-5) ...
Setting up libpam-modules:amd64 (1.3.1-5) ...
Setting up passwd (1:4.5-1.1) ...
Shadow passwords are now on.
Setting up libpam-runtime (1.3.1-5) ...
Setting up login (1:4.5-1.1) ...
Setting up adduser (3.118) ...
Setting up apt (1.8.2.3) ...
Setting up util-linux (2.33.1-0.1) ...
update-alternatives: using /bin/more to provide /usr/bin/pager (pager) in auto mode
Setting up mount (2.33.1-0.1) ...
Setting up sysvinit-utils (2.93-8) ...
Processing triggers for libc-bin (2.28-10+deb10u1) ...
(Reading database ... 6460 files and directories currently installed.)
Preparing to unpack .../ca-certificates_20200601~deb10u2_all.deb ...
Unpacking ca-certificates (20200601~deb10u2) ...
Preparing to unpack .../libssl1.1_1.1.1n-0+deb10u3_amd64.deb ...
Unpacking libssl1.1:amd64 (1.1.1n-0+deb10u3) ...
Preparing to unpack .../openssl_1.1.1n-0+deb10u3_amd64.deb ...
Unpacking openssl (1.1.1n-0+deb10u3) ...
Processing triggers for libc-bin (2.28-10+deb10u1) ...
Setting up libssl1.1:amd64 (1.1.1n-0+deb10u3) ...
Setting up openssl (1.1.1n-0+deb10u3) ...
Setting up ca-certificates (20200601~deb10u2) ...
Updating certificates in /etc/ssl/certs...
137 added, 0 removed; done.
Processing triggers for libc-bin (2.28-10+deb10u1) ...
Processing triggers for ca-certificates (20200601~deb10u2) ...
Updating certificates in /etc/ssl/certs...
0 added, 0 removed; done.
Running hooks in /etc/ca-certificates/update.d...
done.
