2024-06-29 21:26:18 startup archives install
2024-06-29 21:26:18 install base-passwd:amd64 <none> 3.5.46
2024-06-29 21:26:18 status half-installed base-passwd:amd64 3.5.46
2024-06-29 21:26:18 status unpacked base-passwd:amd64 3.5.46
2024-06-29 21:26:18 configure base-passwd:amd64 3.5.46 3.5.46
2024-06-29 21:26:18 status half-configured base-passwd:amd64 3.5.46
2024-06-29 21:26:18 status installed base-passwd:amd64 3.5.46
2024-06-29 21:26:18 startup archives install
2024-06-29 21:26:18 install base-files:amd64 <none> 10.3+deb10u13
2024-06-29 21:26:18 status half-installed base-files:amd64 10.3+deb10u13
2024-06-29 21:26:18 status unpacked base-files:amd64 10.3+deb10u13
2024-06-29 21:26:18 configure base-files:amd64 10.3+deb10u13 10.3+deb10u13
2024-06-29 21:26:18 status half-configured base-files:amd64 10.3+deb10u13
2024-06-29 21:26:18 status installed base-files:amd64 10.3+deb10u13
2024-06-29 21:26:18 startup archives install
2024-06-29 21:26:18 upgrade dpkg 1.19.8 1.19.8
2024-06-29 21:26:18 status half-configured dpkg 1.19.8
2024-06-29 21:26:18 status unpacked dpkg 1.19.8
2024-06-29 21:26:18 status half-installed dpkg 1.19.8
2024-06-29 21:26:19 status unpacked dpkg:amd64 1.19.8
2024-06-29 21:26:19 configure dpkg:amd64 1.19.8 1.19.8
2024-06-29 21:26:19 status half-configured dpkg:amd64 1.19.8
2024-06-29 21:26:19 status installed dpkg:amd64 1.19.8
2024-06-29 21:26:19 startup archives install
2024-06-29 21:26:19 install libc6:amd64 <none> 2.28-10+deb10u1
2024-06-29 21:26:19 status half-installed libc6:amd64 2.28-10+deb10u1
2024-06-29 21:26:19 status unpacked libc6:amd64 2.28-10+deb10u1
2024-06-29 21:26:19 configure libc6:amd64 2.28-10+deb10u1 2.28-10+deb10u1
2024-06-29 21:26:19 status half-configured libc6:amd64 2.28-10+deb10u1
2024-06-29 21:26:19 status installed libc6:amd64 2.28-10+deb10u1
2024-06-29 21:26:19 startup archives install
2024-06-29 21:26:19 install perl-base:amd64 <none> 5.28.1-6+deb10u1
2024-06-29 21:26:19 status half-installed perl-base:amd64 5.28.1-6+deb10u1
2024-06-29 21:26:19 status unpacked perl-base:amd64 5.28.1-6+deb10u1
2024-06-29 21:26:19 configure perl-base:amd64 5.28.1-6+deb10u1 5.28.1-6+deb10u1
2024-06-29 21:26:19 status half-configured perl-base:amd64 5.28.1-6+deb10u1
2024-06-29 21:26:19 status installed perl-base:amd64 5.28.1-6+deb10u1
2024-06-29 21:26:19 startup archives install
2024-06-29 21:26:19 install mawk:amd64 <none> 1.3.3-17+b3
2024-06-29 21:26:19 status half-installed mawk:amd64 1.3.3-17+b3
2024-06-29 21:26:19 status unpacked mawk:amd64 1.3.3-17+b3
2024-06-29 21:26:19 configure mawk:amd64 1.3.3-17+b3 1.3.3-17+b3
2024-06-29 21:26:19 status half-configured mawk:amd64 1.3.3-17+b3
2024-06-29 21:26:19 status installed mawk:amd64 1.3.3-17+b3
2024-06-29 21:26:20 startup archives unpack
2024-06-29 21:26:20 install adduser:all <none> 3.118
2024-06-29 21:26:20 status half-installed adduser:all 3.118
2024-06-29 21:26:20 status unpacked adduser:all 3.118
2024-06-29 21:26:20 install apt:amd64 <none> 1.8.2.3
2024-06-29 21:26:20 status half-installed apt:amd64 1.8.2.3
2024-06-29 21:26:20 status unpacked apt:amd64 1.8.2.3
2024-06-29 21:26:20 upgrade base-files:amd64 10.3+deb10u13 10.3+deb10u13
2024-06-29 21:26:20 status half-configured base-files:amd64 10.3+deb10u13
2024-06-29 21:26:20 status unpacked base-files:amd64 10.3+deb10u13
2024-06-29 21:26:20 status half-installed base-files:amd64 10.3+deb10u13
2024-06-29 21:26:20 status unpacked base-files:amd64 10.3+deb10u13
2024-06-29 21:26:20 upgrade base-passwd:amd64 3.5.46 3.5.46
2024-06-29 21:26:20 status half-configured base-passwd:amd64 3.5.46
2024-06-29 21:26:20 status unpacked base-passwd:amd64 3.5.46
2024-06-29 21:26:20 status half-installed base-passwd:amd64 3.5.46
2024-06-29 21:26:20 status unpacked base-passwd:amd64 3.5.46
2024-06-29 21:26:20 install bash:amd64 <none> 5.0-4
2024-06-29 21:26:20 status half-installed bash:amd64 5.0-4
2024-06-29 21:26:20 status unpacked bash:amd64 5.0-4
2024-06-29 21:26:20 install bsdutils:amd64 <none> 1:2.33.1-0.1
2024-06-29 21:26:20 status half-installed bsdutils:amd64 1:2.33.1-0.1
2024-06-29 21:26:20 status unpacked bsdutils:amd64 1:2.33.1-0.1
2024-06-29 21:26:20 install coreutils:amd64 <none> 8.30-3
2024-06-29 21:26:20 status half-installed coreutils:amd64 8.30-3
2024-06-29 21:26:20 status unpacked coreutils:amd64 8.30-3
2024-06-29 21:26:20 install dash:amd64 <none> 0.5.10.2-5
2024-06-29 21:26:20 status half-installed dash:amd64 0.5.10.2-5
2024-06-29 21:26:20 status unpacked dash:amd64 0.5.10.2-5
2024-06-29 21:26:20 install debconf:all <none> 1.5.71+deb10u1
2024-06-29 21:26:20 status half-installed debconf:all 1.5.71+deb10u1
2024-06-29 21:26:20 status unpacked debconf:all 1.5.71+deb10u1
2024-06-29 21:26:20 install debian-archive-keyring:all <none> 2019.1+deb10u1
2024-06-29 21:26:20 status half-installed debian-archive-keyring:all 2019.1+deb10u1
2024-06-29 21:26:20 status unpacked debian-archive-keyring:all 2019.1+deb10u1
2024-06-29 21:26:21 install debianutils:amd64 <none> 4.8.6.1
2024-06-29 21:26:21 status half-installed debianutils:amd64 4.8.6.1
2024-06-29 21:26:21 status unpacked debianutils:amd64 4.8.6.1
2024-06-29 21:26:21 install diffutils:amd64 <none> 1:3.7-3
2024-06-29 21:26:21 status half-installed diffutils:amd64 1:3.7-3
2024-06-29 21:26:21 status unpacked diffutils:amd64 1:3.7-3
2024-06-29 21:26:21 upgrade dpkg:amd64 1.19.8 1.19.8
2024-06-29 21:26:21 status half-configured dpkg:amd64 1.19.8
2024-06-29 21:26:21 status unpacked dpkg:amd64 1.19.8
2024-06-29 21:26:21 status half-installed dpkg:amd64 1.19.8
2024-06-29 21:26:21 status unpacked dpkg:amd64 1.19.8
2024-06-29 21:26:21 install e2fsprogs:amd64 <none> 1.44.5-1+deb10u3
2024-06-29 21:26:21 status half-installed e2fsprogs:amd64 1.44.5-1+deb10u3
2024-06-29 21:26:21 status unpacked e2fsprogs:amd64 1.44.5-1+deb10u3
2024-06-29 21:26:21 install fdisk:amd64 <none> 2.33.1-0.1
2024-06-29 21:26:21 status half-installed fdisk:amd64 2.33.1-0.1
2024-06-29 21:26:21 status unpacked fdisk:amd64 2.33.1-0.1
2024-06-29 21:26:21 install findutils:amd64 <none> 4.6.0+git+20190209-2
2024-06-29 21:26:21 status half-installed findutils:amd64 4.6.0+git+20190209-2
2024-06-29 21:26:21 status unpacked findutils:amd64 4.6.0+git+20190209-2
2024-06-29 21:26:21 install gcc-8-base:amd64 <none> 8.3.0-6
2024-06-29 21:26:21 status half-installed gcc-8-base:amd64 8.3.0-6
2024-06-29 21:26:21 status unpacked gcc-8-base:amd64 8.3.0-6
2024-06-29 21:26:21 install gpgv:amd64 <none> 2.2.12-1+deb10u2
2024-06-29 21:26:21 status half-installed gpgv:amd64 2.2.12-1+deb10u2
2024-06-29 21:26:21 status unpacked gpgv:amd64 2.2.12-1+deb10u2
2024-06-29 21:26:21 install grep:amd64 <none> 3.3-1
2024-06-29 21:26:21 status half-installed grep:amd64 3.3-1
2024-06-29 21:26:21 status unpacked grep:amd64 3.3-1
2024-06-29 21:26:21 install gzip:amd64 <none> 1.9-3+deb10u1
2024-06-29 21:26:21 status half-installed gzip:amd64 1.9-3+deb10u1
2024-06-29 21:26:21 status unpacked gzip:amd64 1.9-3+deb10u1
2024-06-29 21:26:21 install hostname:amd64 <none> 3.21
2024-06-29 21:26:21 status half-installed hostname:amd64 3.21
2024-06-29 21:26:21 status unpacked hostname:amd64 3.21
2024-06-29 21:26:21 install init-system-helpers:all <none> 1.56+nmu1
2024-06-29 21:26:21 status half-installed init-system-helpers:all 1.56+nmu1
2024-06-29 21:26:21 status unpacked init-system-helpers:all 1.56+nmu1
2024-06-29 21:26:21 install libacl1:amd64 <none> 2.2.53-4
2024-06-29 21:26:21 status half-installed libacl1:amd64 2.2.53-4
2024-06-29 21:26:21 status unpacked libacl1:amd64 2.2.53-4
2024-06-29 21:26:21 install libapt-pkg5.0:amd64 <none> 1.8.2.3
2024-06-29 21:26:21 status half-installed libapt-pkg5.0:amd64 1.8.2.3
2024-06-29 21:26:21 status unpacked libapt-pkg5.0:amd64 1.8.2.3
2024-06-29 21:26:21 install libattr1:amd64 <none> 1:2.4.48-4
2024-06-29 21:26:21 status half-installed libattr1:amd64 1:2.4.48-4
2024-06-29 21:26:21 status unpacked libattr1:amd64 1:2.4.48-4
2024-06-29 21:26:21 install libaudit-common:all <none> 1:2.8.4-3
2024-06-29 21:26:21 status half-installed libaudit-common:all 1:2.8.4-3
2024-06-29 21:26:21 status unpacked libaudit-common:all 1:2.8.4-3
2024-06-29 21:26:22 install libaudit1:amd64 <none> 1:2.8.4-3
2024-06-29 21:26:22 status half-installed libaudit1:amd64 1:2.8.4-3
2024-06-29 21:26:22 status unpacked libaudit1:amd64 1:2.8.4-3
2024-06-29 21:26:22 install libblkid1:amd64 <none> 2.33.1-0.1
2024-06-29 21:26:22 status half-installed libblkid1:amd64 2.33.1-0.1
2024-06-29 21:26:22 status unpacked libblkid1:amd64 2.33.1-0.1
2024-06-29 21:26:22 install libbz2-1.0:amd64 <none> 1.0.6-9.2~deb10u1
2024-06-29 21:26:22 status half-installed libbz2-1.0:amd64 1.0.6-9.2~deb10u1
2024-06-29 21:26:22 status unpacked libbz2-1.0:amd64 1.0.6-9.2~deb10u1
2024-06-29 21:26:22 install libc-bin:amd64 <none> 2.28-10+deb10u1
2024-06-29 21:26:22 status half-installed libc-bin:amd64 2.28-10+deb10u1
2024-06-29 21:26:22 status unpacked libc-bin:amd64 2.28-10+deb10u1
2024-06-29 21:26:22 upgrade libc6:amd64 2.28-10+deb10u1 2.28-10+deb10u1
2024-06-29 21:26:22 status half-configured libc6:amd64 2.28-10+deb10u1
2024-06-29 21:26:22 status unpacked libc6:amd64 2.28-10+deb10u1
2024-06-29 21:26:22 status half-installed libc6:amd64 2.28-10+deb10u1
2024-06-29 21:26:22 status unpacked libc6:amd64 2.28-10+deb10u1
2024-06-29 21:26:22 install libcap-ng0:amd64 <none> 0.7.9-2
2024-06-29 21:26:22 status half-installed libcap-ng0:amd64 0.7.9-2
2024-06-29 21:26:22 status unpacked libcap-ng0:amd64 0.7.9-2
2024-06-29 21:26:22 install libcom-err2:amd64 <none> 1.44.5-1+deb10u3
2024-06-29 21:26:22 status half-installed libcom-err2:amd64 1.44.5-1+deb10u3
2024-06-29 21:26:22 status unpacked libcom-err2:amd64 1.44.5-1+deb10u3
2024-06-29 21:26:22 install libdb5.3:amd64 <none> 5.3.28+dfsg1-0.5
2024-06-29 21:26:22 status half-installed libdb5.3:amd64 5.3.28+dfsg1-0.5
2024-06-29 21:26:22 status unpacked libdb5.3:amd64 5.3.28+dfsg1-0.5
2024-06-29 21:26:22 install libdebconfclient0:amd64 <none> 0.249
2024-06-29 21:26:22 status half-installed libdebconfclient0:amd64 0.249
2024-06-29 21:26:22 status unpacked libdebconfclient0:amd64 0.249
2024-06-29 21:26:23 install libext2fs2:amd64 <none> 1.44.5-1+deb10u3
2024-06-29 21:26:23 status half-installed libext2fs2:amd64 1.44.5-1+deb10u3
2024-06-29 21:26:23 status unpacked libext2fs2:amd64 1.44.5-1+deb10u3
2024-06-29 21:26:23 install libfdisk1:amd64 <none> 2.33.1-0.1
2024-06-29 21:26:23 status half-installed libfdisk1:amd64 2.33.1-0.1
2024-06-29 21:26:23 status unpacked libfdisk1:amd64 2.33.1-0.1
2024-06-29 21:26:23 install libffi6:amd64 <none> 3.2.1-9
2024-06-29 21:26:23 status half-installed libffi6:amd64 3.2.1-9
2024-06-29 21:26:23 status unpacked libffi6:amd64 3.2.1-9
2024-06-29 21:26:23 install libgcc1:amd64 <none> 1:8.3.0-6
2024-06-29 21:26:23 status half-installed libgcc1:amd64 1:8.3.0-6
2024-06-29 21:26:23 status unpacked libgcc1:amd64 1:8.3.0-6
2024-06-29 21:26:23 install libgcrypt20:amd64 <none> 1.8.4-5+deb10u1
2024-06-29 21:26:23 status half-installed libgcrypt20:amd64 1.8.4-5+deb10u1
2024-06-29 21:26:23 status unpacked libgcrypt20:amd64 1.8.4-5+deb10u1
2024-06-29 21:26:23 install libgmp10:amd64 <none> 2:6.1.2+dfsg-4+deb10u1
2024-06-29 21:26:23 status half-installed libgmp10:amd64 2:6.1.2+dfsg-4+deb10u1
2024-06-29 21:26:23 status unpacked libgmp10:amd64 2:6.1.2+dfsg-4+deb10u1
2024-06-29 21:26:23 install libgnutls30:amd64 <none> 3.6.7-4+deb10u8
2024-06-29 21:26:23 status half-installed libgnutls30:amd64 3.6.7-4+deb10u8
2024-06-29 21:26:23 status unpacked libgnutls30:amd64 3.6.7-4+deb10u8
2024-06-29 21:26:23 install libgpg-error0:amd64 <none> 1.35-1
2024-06-29 21:26:23 status half-installed libgpg-error0:amd64 1.35-1
2024-06-29 21:26:23 status unpacked libgpg-error0:amd64 1.35-1
2024-06-29 21:26:23 install libhogweed4:amd64 <none> 3.4.1-1+deb10u1
2024-06-29 21:26:23 status half-installed libhogweed4:amd64 3.4.1-1+deb10u1
2024-06-29 21:26:23 status unpacked libhogweed4:amd64 3.4.1-1+deb10u1
2024-06-29 21:26:23 install libidn2-0:amd64 <none> 2.0.5-1+deb10u1
2024-06-29 21:26:23 status half-installed libidn2-0:amd64 2.0.5-1+deb10u1
2024-06-29 21:26:23 status unpacked libidn2-0:amd64 2.0.5-1+deb10u1
2024-06-29 21:26:23 install liblz4-1:amd64 <none> 1.8.3-1+deb10u1
2024-06-29 21:26:23 status half-installed liblz4-1:amd64 1.8.3-1+deb10u1
2024-06-29 21:26:23 status unpacked liblz4-1:amd64 1.8.3-1+deb10u1
2024-06-29 21:26:23 install liblzma5:amd64 <none> 5.2.4-1+deb10u1
2024-06-29 21:26:23 status half-installed liblzma5:amd64 5.2.4-1+deb10u1
2024-06-29 21:26:23 status unpacked liblzma5:amd64 5.2.4-1+deb10u1
2024-06-29 21:26:23 install libmount1:amd64 <none> 2.33.1-0.1
2024-06-29 21:26:23 status half-installed libmount1:amd64 2.33.1-0.1
2024-06-29 21:26:23 status unpacked libmount1:amd64 2.33.1-0.1
2024-06-29 21:26:23 install libncursesw6:amd64 <none> 6.1+20181013-2+deb10u2
2024-06-29 21:26:23 status half-installed libncursesw6:amd64 6.1+20181013-2+deb10u2
2024-06-29 21:26:23 status unpacked libncursesw6:amd64 6.1+20181013-2+deb10u2
2024-06-29 21:26:23 install libnettle6:amd64 <none> 3.4.1-1+deb10u1
2024-06-29 21:26:23 status half-installed libnettle6:amd64 3.4.1-1+deb10u1
2024-06-29 21:26:23 status unpacked libnettle6:amd64 3.4.1-1+deb10u1
2024-06-29 21:26:23 install libp11-kit0:amd64 <none> 0.23.15-2+deb10u1
2024-06-29 21:26:23 status half-installed libp11-kit0:amd64 0.23.15-2+deb10u1
2024-06-29 21:26:23 status unpacked libp11-kit0:amd64 0.23.15-2+deb10u1
2024-06-29 21:26:23 install libpam-modules:amd64 <none> 1.3.1-5
2024-06-29 21:26:23 status half-installed libpam-modules:amd64 1.3.1-5
2024-06-29 21:26:23 status unpacked libpam-modules:amd64 1.3.1-5
2024-06-29 21:26:23 install libpam-modules-bin:amd64 <none> 1.3.1-5
2024-06-29 21:26:23 status half-installed libpam-modules-bin:amd64 1.3.1-5
2024-06-29 21:26:23 status unpacked libpam-modules-bin:amd64 1.3.1-5
2024-06-29 21:26:23 install libpam-runtime:all <none> 1.3.1-5
2024-06-29 21:26:23 status half-installed libpam-runtime:all 1.3.1-5
2024-06-29 21:26:24 status unpacked libpam-runtime:all 1.3.1-5
2024-06-29 21:26:24 install libpam0g:amd64 <none> 1.3.1-5
2024-06-29 21:26:24 status half-installed libpam0g:amd64 1.3.1-5
2024-06-29 21:26:24 status unpacked libpam0g:amd64 1.3.1-5
2024-06-29 21:26:24 install libpcre3:amd64 <none> 2:8.39-12
2024-06-29 21:26:24 status half-installed libpcre3:amd64 2:8.39-12
2024-06-29 21:26:24 status unpacked libpcre3:amd64 2:8.39-12
2024-06-29 21:26:24 install libseccomp2:amd64 <none> 2.3.3-4
2024-06-29 21:26:24 status half-installed libseccomp2:amd64 2.3.3-4
2024-06-29 21:26:24 status unpacked libseccomp2:amd64 2.3.3-4
2024-06-29 21:26:24 install libselinux1:amd64 <none> 2.8-1+b1
2024-06-29 21:26:24 status half-installed libselinux1:amd64 2.8-1+b1
2024-06-29 21:26:24 status unpacked libselinux1:amd64 2.8-1+b1
2024-06-29 21:26:24 install libsemanage-common:all <none> 2.8-2
2024-06-29 21:26:24 status half-installed libsemanage-common:all 2.8-2
2024-06-29 21:26:24 status unpacked libsemanage-common:all 2.8-2
2024-06-29 21:26:24 install libsemanage1:amd64 <none> 2.8-2
2024-06-29 21:26:24 status half-installed libsemanage1:amd64 2.8-2
2024-06-29 21:26:24 status unpacked libsemanage1:amd64 2.8-2
2024-06-29 21:26:24 install libsepol1:amd64 <none> 2.8-1
2024-06-29 21:26:24 status half-installed libsepol1:amd64 2.8-1
2024-06-29 21:26:24 status unpacked libsepol1:amd64 2.8-1
2024-06-29 21:26:24 install libsmartcols1:amd64 <none> 2.33.1-0.1
2024-06-29 21:26:24 status half-installed libsmartcols1:amd64 2.33.1-0.1
2024-06-29 21:26:24 status unpacked libsmartcols1:amd64 2.33.1-0.1
2024-06-29 21:26:24 install libss2:amd64 <none> 1.44.5-1+deb10u3
2024-06-29 21:26:24 status half-installed libss2:amd64 1.44.5-1+deb10u3
2024-06-29 21:26:24 status unpacked libss2:amd64 1.44.5-1+deb10u3
2024-06-29 21:26:24 install libstdc++6:amd64 <none> 8.3.0-6
2024-06-29 21:26:24 status half-installed libstdc++6:amd64 8.3.0-6
2024-06-29 21:26:24 status unpacked libstdc++6:amd64 8.3.0-6
2024-06-29 21:26:24 install libsystemd0:amd64 <none> 241-7~deb10u8
2024-06-29 21:26:24 status half-installed libsystemd0:amd64 241-7~deb10u8
2024-06-29 21:26:24 status unpacked libsystemd0:amd64 241-7~deb10u8
2024-06-29 21:26:24 install libtasn1-6:amd64 <none> 4.13-3
2024-06-29 21:26:24 status half-installed libtasn1-6:amd64 4.13-3
2024-06-29 21:26:24 status unpacked libtasn1-6:amd64 4.13-3
2024-06-29 21:26:24 install libtinfo6:amd64 <none> 6.1+20181013-2+deb10u2
2024-06-29 21:26:24 status half-installed libtinfo6:amd64 6.1+20181013-2+deb10u2
2024-06-29 21:26:24 status unpacked libtinfo6:amd64 6.1+20181013-2+deb10u2
2024-06-29 21:26:24 install libudev1:amd64 <none> 241-7~deb10u8
2024-06-29 21:26:24 status half-installed libudev1:amd64 241-7~deb10u8
2024-06-29 21:26:24 status unpacked libudev1:amd64 241-7~deb10u8
2024-06-29 21:26:24 install libunistring2:amd64 <none> 0.9.10-1
2024-06-29 21:26:24 status half-installed libunistring2:amd64 0.9.10-1
2024-06-29 21:26:24 status unpacked libunistring2:amd64 0.9.10-1
2024-06-29 21:26:24 install libuuid1:amd64 <none> 2.33.1-0.1
2024-06-29 21:26:24 status half-installed libuuid1:amd64 2.33.1-0.1
2024-06-29 21:26:24 status unpacked libuuid1:amd64 2.33.1-0.1
2024-06-29 21:26:24 install libzstd1:amd64 <none> 1.3.8+dfsg-3+deb10u2
2024-06-29 21:26:24 status half-installed libzstd1:amd64 1.3.8+dfsg-3+deb10u2
2024-06-29 21:26:24 status unpacked libzstd1:amd64 1.3.8+dfsg-3+deb10u2
2024-06-29 21:26:24 install login:amd64 <none> 1:4.5-1.1
2024-06-29 21:26:24 status half-installed login:amd64 1:4.5-1.1
2024-06-29 21:26:24 status unpacked login:amd64 1:4.5-1.1
2024-06-29 21:26:24 upgrade mawk:amd64 1.3.3-17+b3 1.3.3-17+b3
2024-06-29 21:26:24 status half-configured mawk:amd64 1.3.3-17+b3
2024-06-29 21:26:24 status unpacked mawk:amd64 1.3.3-17+b3
2024-06-29 21:26:24 status half-installed mawk:amd64 1.3.3-17+b3
2024-06-29 21:26:24 status unpacked mawk:amd64 1.3.3-17+b3
2024-06-29 21:26:24 install mount:amd64 <none> 2.33.1-0.1
2024-06-29 21:26:24 status half-installed mount:amd64 2.33.1-0.1
2024-06-29 21:26:24 status unpacked mount:amd64 2.33.1-0.1
2024-06-29 21:26:24 install ncurses-base:all <none> 6.1+20181013-2+deb10u2
2024-06-29 21:26:24 status half-installed ncurses-base:all 6.1+20181013-2+deb10u2
2024-06-29 21:26:25 status unpacked ncurses-base:all 6.1+20181013-2+deb10u2
2024-06-29 21:26:25 install ncurses-bin:amd64 <none> 6.1+20181013-2+deb10u2
2024-06-29 21:26:25 status half-installed ncurses-bin:amd64 6.1+20181013-2+deb10u2
2024-06-29 21:26:25 status unpacked ncurses-bin:amd64 6.1+20181013-2+deb10u2
2024-06-29 21:26:25 install passwd:amd64 <none> 1:4.5-1.1
2024-06-29 21:26:25 status half-installed passwd:amd64 1:4.5-1.1
2024-06-29 21:26:25 status unpacked passwd:amd64 1:4.5-1.1
2024-06-29 21:26:25 upgrade perl-base:amd64 5.28.1-6+deb10u1 5.28.1-6+deb10u1
2024-06-29 21:26:25 status half-configured perl-base:amd64 5.28.1-6+deb10u1
2024-06-29 21:26:25 status unpacked perl-base:amd64 5.28.1-6+deb10u1
2024-06-29 21:26:25 status half-installed perl-base:amd64 5.28.1-6+deb10u1
2024-06-29 21:26:25 status unpacked perl-base:amd64 5.28.1-6+deb10u1
2024-06-29 21:26:25 install sed:amd64 <none> 4.7-1
2024-06-29 21:26:25 status half-installed sed:amd64 4.7-1
2024-06-29 21:26:25 status unpacked sed:amd64 4.7-1
2024-06-29 21:26:25 install sysvinit-utils:amd64 <none> 2.93-8
2024-06-29 21:26:25 status half-installed sysvinit-utils:amd64 2.93-8
2024-06-29 21:26:25 status unpacked sysvinit-utils:amd64 2.93-8
2024-06-29 21:26:25 install tar:amd64 <none> 1.30+dfsg-6
2024-06-29 21:26:25 status half-installed tar:amd64 1.30+dfsg-6
2024-06-29 21:26:25 status unpacked tar:amd64 1.30+dfsg-6
2024-06-29 21:26:25 install tzdata:all <none> 2021a-0+deb10u6
2024-06-29 21:26:25 status half-installed tzdata:all 2021a-0+deb10u6
2024-06-29 21:26:25 status unpacked tzdata:all 2021a-0+deb10u6
2024-06-29 21:26:26 install util-linux:amd64 <none> 2.33.1-0.1
2024-06-29 21:26:26 status half-installed util-linux:amd64 2.33.1-0.1
2024-06-29 21:26:26 status unpacked util-linux:amd64 2.33.1-0.1
2024-06-29 21:26:26 install zlib1g:amd64 <none> 1:1.2.11.dfsg-1+deb10u1
2024-06-29 21:26:26 status half-installed zlib1g:amd64 1:1.2.11.dfsg-1+deb10u1
2024-06-29 21:26:26 status unpacked zlib1g:amd64 1:1.2.11.dfsg-1+deb10u1
2024-06-29 21:26:26 startup packages configure
2024-06-29 21:26:26 configure debian-archive-keyring:all 2019.1+deb10u1 <none>
2024-06-29 21:26:26 status unpacked debian-archive-keyring:all 2019.1+deb10u1
2024-06-29 21:26:26 status half-configured debian-archive-keyring:all 2019.1+deb10u1
2024-06-29 21:26:26 status installed debian-archive-keyring:all 2019.1+deb10u1
2024-06-29 21:26:26 configure libaudit-common:all 1:2.8.4-3 <none>
2024-06-29 21:26:26 status unpacked libaudit-common:all 1:2.8.4-3
2024-06-29 21:26:26 status half-configured libaudit-common:all 1:2.8.4-3
2024-06-29 21:26:26 status installed libaudit-common:all 1:2.8.4-3
2024-06-29 21:26:26 configure libsemanage-common:all 2.8-2 <none>
2024-06-29 21:26:26 status unpacked libsemanage-common:all 2.8-2
2024-06-29 21:26:26 status half-configured libsemanage-common:all 2.8-2
2024-06-29 21:26:26 status installed libsemanage-common:all 2.8-2
2024-06-29 21:26:26 configure ncurses-base:all 6.1+20181013-2+deb10u2 <none>
2024-06-29 21:26:26 status unpacked ncurses-base:all 6.1+20181013-2+deb10u2
2024-06-29 21:26:26 status half-configured ncurses-base:all 6.1+20181013-2+deb10u2
2024-06-29 21:26:26 status installed ncurses-base:all 6.1+20181013-2+deb10u2
2024-06-29 21:26:26 configure gcc-8-base:amd64 8.3.0-6 <none>
2024-06-29 21:26:26 status unpacked gcc-8-base:amd64 8.3.0-6
2024-06-29 21:26:26 status half-configured gcc-8-base:amd64 8.3.0-6
2024-06-29 21:26:26 status installed gcc-8-base:amd64 8.3.0-6
2024-06-29 21:26:26 configure libc6:amd64 2.28-10+deb10u1 <none>
2024-06-29 21:26:26 status unpacked libc6:amd64 2.28-10+deb10u1
2024-06-29 21:26:26 status half-configured libc6:amd64 2.28-10+deb10u1
2024-06-29 21:26:26 status installed libc6:amd64 2.28-10+deb10u1
2024-06-29 21:26:26 configure libudev1:amd64 241-7~deb10u8 <none>
2024-06-29 21:26:26 status unpacked libudev1:amd64 241-7~deb10u8
2024-06-29 21:26:26 status half-configured libudev1:amd64 241-7~deb10u8
2024-06-29 21:26:26 status installed libudev1:amd64 241-7~deb10u8
2024-06-29 21:26:26 configure libsepol1:amd64 2.8-1 <none>
2024-06-29 21:26:26 status unpacked libsepol1:amd64 2.8-1
2024-06-29 21:26:26 status half-configured libsepol1:amd64 2.8-1
2024-06-29 21:26:26 status installed libsepol1:amd64 2.8-1
2024-06-29 21:26:26 configure libattr1:amd64 1:2.4.48-4 <none>
2024-06-29 21:26:26 status unpacked libattr1:amd64 1:2.4.48-4
2024-06-29 21:26:26 status half-configured libattr1:amd64 1:2.4.48-4
2024-06-29 21:26:26 status installed libattr1:amd64 1:2.4.48-4
2024-06-29 21:26:26 configure libtasn1-6:amd64 4.13-3 <none>
2024-06-29 21:26:26 status unpacked libtasn1-6:amd64 4.13-3
2024-06-29 21:26:26 status half-configured libtasn1-6:amd64 4.13-3
2024-06-29 21:26:26 status installed libtasn1-6:amd64 4.13-3
2024-06-29 21:26:26 configure debianutils:amd64 4.8.6.1 <none>
2024-06-29 21:26:26 status unpacked debianutils:amd64 4.8.6.1
2024-06-29 21:26:26 status half-configured debianutils:amd64 4.8.6.1
2024-06-29 21:26:26 status installed debianutils:amd64 4.8.6.1
2024-06-29 21:26:26 configure mawk:amd64 1.3.3-17+b3 <none>
2024-06-29 21:26:26 status unpacked mawk:amd64 1.3.3-17+b3
2024-06-29 21:26:26 status half-configured mawk:amd64 1.3.3-17+b3
2024-06-29 21:26:26 status installed mawk:amd64 1.3.3-17+b3
2024-06-29 21:26:26 configure libdebconfclient0:amd64 0.249 <none>
2024-06-29 21:26:26 status unpacked libdebconfclient0:amd64 0.249
2024-06-29 21:26:26 status half-configured libdebconfclient0:amd64 0.249
2024-06-29 21:26:26 status installed libdebconfclient0:amd64 0.249
2024-06-29 21:26:26 configure base-files:amd64 10.3+deb10u13 <none>
2024-06-29 21:26:26 status unpacked base-files:amd64 10.3+deb10u13
2024-06-29 21:26:26 status half-configured base-files:amd64 10.3+deb10u13
2024-06-29 21:26:26 status installed base-files:amd64 10.3+deb10u13
2024-06-29 21:26:26 configure libbz2-1.0:amd64 1.0.6-9.2~deb10u1 <none>
2024-06-29 21:26:26 status unpacked libbz2-1.0:amd64 1.0.6-9.2~deb10u1
2024-06-29 21:26:26 status half-configured libbz2-1.0:amd64 1.0.6-9.2~deb10u1
2024-06-29 21:26:26 status installed libbz2-1.0:amd64 1.0.6-9.2~deb10u1
2024-06-29 21:26:26 configure base-passwd:amd64 3.5.46 <none>
2024-06-29 21:26:26 status unpacked base-passwd:amd64 3.5.46
2024-06-29 21:26:26 status half-configured base-passwd:amd64 3.5.46
2024-06-29 21:26:26 status installed base-passwd:amd64 3.5.46
2024-06-29 21:26:26 configure libdb5.3:amd64 5.3.28+dfsg1-0.5 <none>
2024-06-29 21:26:26 status unpacked libdb5.3:amd64 5.3.28+dfsg1-0.5
2024-06-29 21:26:26 status half-configured libdb5.3:amd64 5.3.28+dfsg1-0.5
2024-06-29 21:26:26 status installed libdb5.3:amd64 5.3.28+dfsg1-0.5
2024-06-29 21:26:26 configure libtinfo6:amd64 6.1+20181013-2+deb10u2 <none>
2024-06-29 21:26:26 status unpacked libtinfo6:amd64 6.1+20181013-2+deb10u2
2024-06-29 21:26:26 status half-configured libtinfo6:amd64 6.1+20181013-2+deb10u2
2024-06-29 21:26:26 status installed libtinfo6:amd64 6.1+20181013-2+deb10u2
2024-06-29 21:26:26 configure bash:amd64 5.0-4 <none>
2024-06-29 21:26:26 status unpacked bash:amd64 5.0-4
2024-06-29 21:26:26 status half-configured bash:amd64 5.0-4
2024-06-29 21:26:26 status installed bash:amd64 5.0-4
2024-06-29 21:26:26 configure libzstd1:amd64 1.3.8+dfsg-3+deb10u2 <none>
2024-06-29 21:26:26 status unpacked libzstd1:amd64 1.3.8+dfsg-3+deb10u2
2024-06-29 21:26:26 status half-configured libzstd1:amd64 1.3.8+dfsg-3+deb10u2
2024-06-29 21:26:26 status installed libzstd1:amd64 1.3.8+dfsg-3+deb10u2
2024-06-29 21:26:26 configure liblzma5:amd64 5.2.4-1+deb10u1 <none>
2024-06-29 21:26:26 status unpacked liblzma5:amd64 5.2.4-1+deb10u1
2024-06-29 21:26:26 status half-configured liblzma5:amd64 5.2.4-1+deb10u1
2024-06-29 21:26:26 status installed liblzma5:amd64 5.2.4-1+deb10u1
2024-06-29 21:26:26 configure libgpg-error0:amd64 1.35-1 <none>
2024-06-29 21:26:26 status unpacked libgpg-error0:amd64 1.35-1
2024-06-29 21:26:26 status half-configured libgpg-error0:amd64 1.35-1
2024-06-29 21:26:26 status installed libgpg-error0:amd64 1.35-1
2024-06-29 21:26:26 configure libgcc1:amd64 1:8.3.0-6 <none>
2024-06-29 21:26:26 status unpacked libgcc1:amd64 1:8.3.0-6
2024-06-29 21:26:26 status half-configured libgcc1:amd64 1:8.3.0-6
2024-06-29 21:26:26 status installed libgcc1:amd64 1:8.3.0-6
2024-06-29 21:26:26 configure liblz4-1:amd64 1.8.3-1+deb10u1 <none>
2024-06-29 21:26:26 status unpacked liblz4-1:amd64 1.8.3-1+deb10u1
2024-06-29 21:26:26 status half-configured liblz4-1:amd64 1.8.3-1+deb10u1
2024-06-29 21:26:26 status installed liblz4-1:amd64 1.8.3-1+deb10u1
2024-06-29 21:26:26 configure libc-bin:amd64 2.28-10+deb10u1 <none>
2024-06-29 21:26:26 status unpacked libc-bin:amd64 2.28-10+deb10u1
2024-06-29 21:26:26 status half-configured libc-bin:amd64 2.28-10+deb10u1
2024-06-29 21:26:26 status installed libc-bin:amd64 2.28-10+deb10u1
2024-06-29 21:26:26 configure ncurses-bin:amd64 6.1+20181013-2+deb10u2 <none>
2024-06-29 21:26:26 status unpacked ncurses-bin:amd64 6.1+20181013-2+deb10u2
2024-06-29 21:26:26 status half-configured ncurses-bin:amd64 6.1+20181013-2+deb10u2
2024-06-29 21:26:26 status installed ncurses-bin:amd64 6.1+20181013-2+deb10u2
2024-06-29 21:26:26 configure libacl1:amd64 2.2.53-4 <none>
2024-06-29 21:26:26 status triggers-pending libc-bin:amd64 2.28-10+deb10u1
2024-06-29 21:26:26 status unpacked libacl1:amd64 2.2.53-4
2024-06-29 21:26:26 status half-configured libacl1:amd64 2.2.53-4
2024-06-29 21:26:26 status installed libacl1:amd64 2.2.53-4
2024-06-29 21:26:26 configure libunistring2:amd64 0.9.10-1 <none>
2024-06-29 21:26:26 status unpacked libunistring2:amd64 0.9.10-1
2024-06-29 21:26:26 status half-configured libunistring2:amd64 0.9.10-1
2024-06-29 21:26:26 status installed libunistring2:amd64 0.9.10-1
2024-06-29 21:26:26 configure libsmartcols1:amd64 2.33.1-0.1 <none>
2024-06-29 21:26:26 status unpacked libsmartcols1:amd64 2.33.1-0.1
2024-06-29 21:26:26 status half-configured libsmartcols1:amd64 2.33.1-0.1
2024-06-29 21:26:26 status installed libsmartcols1:amd64 2.33.1-0.1
2024-06-29 21:26:26 configure libgcrypt20:amd64 1.8.4-5+deb10u1 <none>
2024-06-29 21:26:26 status unpacked libgcrypt20:amd64 1.8.4-5+deb10u1
2024-06-29 21:26:26 status half-configured libgcrypt20:amd64 1.8.4-5+deb10u1
2024-06-29 21:26:26 status installed libgcrypt20:amd64 1.8.4-5+deb10u1
2024-06-29 21:26:26 configure zlib1g:amd64 1:1.2.11.dfsg-1+deb10u1 <none>
2024-06-29 21:26:26 status unpacked zlib1g:amd64 1:1.2.11.dfsg-1+deb10u1
2024-06-29 21:26:26 status half-configured zlib1g:amd64 1:1.2.11.dfsg-1+deb10u1
2024-06-29 21:26:26 status installed zlib1g:amd64 1:1.2.11.dfsg-1+deb10u1
2024-06-29 21:26:26 configure libffi6:amd64 3.2.1-9 <none>
2024-06-29 21:26:26 status unpacked libffi6:amd64 3.2.1-9
2024-06-29 21:26:26 status half-configured libffi6:amd64 3.2.1-9
2024-06-29 21:26:26 status installed libffi6:amd64 3.2.1-9
2024-06-29 21:26:26 configure libidn2-0:amd64 2.0.5-1+deb10u1 <none>
2024-06-29 21:26:26 status unpacked libidn2-0:amd64 2.0.5-1+deb10u1
2024-06-29 21:26:26 status half-configured libidn2-0:amd64 2.0.5-1+deb10u1
2024-06-29 21:26:26 status installed libidn2-0:amd64 2.0.5-1+deb10u1
2024-06-29 21:26:26 configure libcom-err2:amd64 1.44.5-1+deb10u3 <none>
2024-06-29 21:26:26 status unpacked libcom-err2:amd64 1.44.5-1+deb10u3
2024-06-29 21:26:26 status half-configured libcom-err2:amd64 1.44.5-1+deb10u3
2024-06-29 21:26:26 status installed libcom-err2:amd64 1.44.5-1+deb10u3
2024-06-29 21:26:26 configure diffutils:amd64 1:3.7-3 <none>
2024-06-29 21:26:26 status unpacked diffutils:amd64 1:3.7-3
2024-06-29 21:26:26 status half-configured diffutils:amd64 1:3.7-3
2024-06-29 21:26:26 status installed diffutils:amd64 1:3.7-3
2024-06-29 21:26:26 configure libseccomp2:amd64 2.3.3-4 <none>
2024-06-29 21:26:26 status unpacked libseccomp2:amd64 2.3.3-4
2024-06-29 21:26:26 status half-configured libseccomp2:amd64 2.3.3-4
2024-06-29 21:26:26 status installed libseccomp2:amd64 2.3.3-4
2024-06-29 21:26:26 configure libsystemd0:amd64 241-7~deb10u8 <none>
2024-06-29 21:26:26 status unpacked libsystemd0:amd64 241-7~deb10u8
2024-06-29 21:26:26 status half-configured libsystemd0:amd64 241-7~deb10u8
2024-06-29 21:26:26 status installed libsystemd0:amd64 241-7~deb10u8
2024-06-29 21:26:26 configure hostname:amd64 3.21 <none>
2024-06-29 21:26:26 status unpacked hostname:amd64 3.21
2024-06-29 21:26:26 status half-configured hostname:amd64 3.21
2024-06-29 21:26:26 status installed hostname:amd64 3.21
2024-06-29 21:26:26 configure libpcre3:amd64 2:8.39-12 <none>
2024-06-29 21:26:26 status unpacked libpcre3:amd64 2:8.39-12
2024-06-29 21:26:26 status half-configured libpcre3:amd64 2:8.39-12
2024-06-29 21:26:26 status installed libpcre3:amd64 2:8.39-12
2024-06-29 21:26:26 configure libcap-ng0:amd64 0.7.9-2 <none>
2024-06-29 21:26:26 status unpacked libcap-ng0:amd64 0.7.9-2
2024-06-29 21:26:26 status half-configured libcap-ng0:amd64 0.7.9-2
2024-06-29 21:26:26 status installed libcap-ng0:amd64 0.7.9-2
2024-06-29 21:26:26 configure libext2fs2:amd64 1.44.5-1+deb10u3 <none>
2024-06-29 21:26:26 status unpacked libext2fs2:amd64 1.44.5-1+deb10u3
2024-06-29 21:26:26 status half-configured libext2fs2:amd64 1.44.5-1+deb10u3
2024-06-29 21:26:26 status installed libext2fs2:amd64 1.44.5-1+deb10u3
2024-06-29 21:26:26 configure libgmp10:amd64 2:6.1.2+dfsg-4+deb10u1 <none>
2024-06-29 21:26:26 status unpacked libgmp10:amd64 2:6.1.2+dfsg-4+deb10u1
2024-06-29 21:26:26 status half-configured libgmp10:amd64 2:6.1.2+dfsg-4+deb10u1
2024-06-29 21:26:26 status installed libgmp10:amd64 2:6.1.2+dfsg-4+deb10u1
2024-06-29 21:26:26 configure libp11-kit0:amd64 0.23.15-2+deb10u1 <none>
2024-06-29 21:26:26 status unpacked libp11-kit0:amd64 0.23.15-2+deb10u1
2024-06-29 21:26:26 status half-configured libp11-kit0:amd64 0.23.15-2+deb10u1
2024-06-29 21:26:26 status installed libp11-kit0:amd64 0.23.15-2+deb10u1
2024-06-29 21:26:26 configure libaudit1:amd64 1:2.8.4-3 <none>
2024-06-29 21:26:26 status unpacked libaudit1:amd64 1:2.8.4-3
2024-06-29 21:26:26 status half-configured libaudit1:amd64 1:2.8.4-3
2024-06-29 21:26:26 status installed libaudit1:amd64 1:2.8.4-3
2024-06-29 21:26:26 configure libuuid1:amd64 2.33.1-0.1 <none>
2024-06-29 21:26:26 status unpacked libuuid1:amd64 2.33.1-0.1
2024-06-29 21:26:26 status half-configured libuuid1:amd64 2.33.1-0.1
2024-06-29 21:26:26 status installed libuuid1:amd64 2.33.1-0.1
2024-06-29 21:26:26 configure libss2:amd64 1.44.5-1+deb10u3 <none>
2024-06-29 21:26:26 status unpacked libss2:amd64 1.44.5-1+deb10u3
2024-06-29 21:26:26 status half-configured libss2:amd64 1.44.5-1+deb10u3
2024-06-29 21:26:26 status installed libss2:amd64 1.44.5-1+deb10u3
2024-06-29 21:26:26 configure libncursesw6:amd64 6.1+20181013-2+deb10u2 <none>
2024-06-29 21:26:26 status unpacked libncursesw6:amd64 6.1+20181013-2+deb10u2
2024-06-29 21:26:26 status half-configured libncursesw6:amd64 6.1+20181013-2+deb10u2
2024-06-29 21:26:26 status installed libncursesw6:amd64 6.1+20181013-2+deb10u2
2024-06-29 21:26:26 configure libnettle6:amd64 3.4.1-1+deb10u1 <none>
2024-06-29 21:26:26 status unpacked libnettle6:amd64 3.4.1-1+deb10u1
2024-06-29 21:26:26 status half-configured libnettle6:amd64 3.4.1-1+deb10u1
2024-06-29 21:26:26 status installed libnettle6:amd64 3.4.1-1+deb10u1
2024-06-29 21:26:26 configure gpgv:amd64 2.2.12-1+deb10u2 <none>
2024-06-29 21:26:26 status unpacked gpgv:amd64 2.2.12-1+deb10u2
2024-06-29 21:26:26 status half-configured gpgv:amd64 2.2.12-1+deb10u2
2024-06-29 21:26:26 status installed gpgv:amd64 2.2.12-1+deb10u2
2024-06-29 21:26:26 configure libblkid1:amd64 2.33.1-0.1 <none>
2024-06-29 21:26:26 status unpacked libblkid1:amd64 2.33.1-0.1
2024-06-29 21:26:26 status half-configured libblkid1:amd64 2.33.1-0.1
2024-06-29 21:26:26 status installed libblkid1:amd64 2.33.1-0.1
2024-06-29 21:26:26 configure libstdc++6:amd64 8.3.0-6 <none>
2024-06-29 21:26:26 status unpacked libstdc++6:amd64 8.3.0-6
2024-06-29 21:26:26 status half-configured libstdc++6:amd64 8.3.0-6
2024-06-29 21:26:26 status installed libstdc++6:amd64 8.3.0-6
2024-06-29 21:26:26 configure bsdutils:amd64 1:2.33.1-0.1 <none>
2024-06-29 21:26:26 status unpacked bsdutils:amd64 1:2.33.1-0.1
2024-06-29 21:26:26 status half-configured bsdutils:amd64 1:2.33.1-0.1
2024-06-29 21:26:26 status installed bsdutils:amd64 1:2.33.1-0.1
2024-06-29 21:26:26 configure libhogweed4:amd64 3.4.1-1+deb10u1 <none>
2024-06-29 21:26:26 status unpacked libhogweed4:amd64 3.4.1-1+deb10u1
2024-06-29 21:26:26 status half-configured libhogweed4:amd64 3.4.1-1+deb10u1
2024-06-29 21:26:26 status installed libhogweed4:amd64 3.4.1-1+deb10u1
2024-06-29 21:26:26 configure e2fsprogs:amd64 1.44.5-1+deb10u3 <none>
2024-06-29 21:26:26 status unpacked e2fsprogs:amd64 1.44.5-1+deb10u3
2024-06-29 21:26:26 status half-configured e2fsprogs:amd64 1.44.5-1+deb10u3
2024-06-29 21:26:26 status installed e2fsprogs:amd64 1.44.5-1+deb10u3
2024-06-29 21:26:26 configure libselinux1:amd64 2.8-1+b1 <none>
2024-06-29 21:26:26 status unpacked libselinux1:amd64 2.8-1+b1
2024-06-29 21:26:26 status half-configured libselinux1:amd64 2.8-1+b1
2024-06-29 21:26:26 status installed libselinux1:amd64 2.8-1+b1
2024-06-29 21:26:26 configure libgnutls30:amd64 3.6.7-4+deb10u8 <none>
2024-06-29 21:26:26 status unpacked libgnutls30:amd64 3.6.7-4+deb10u8
2024-06-29 21:26:26 status half-configured libgnutls30:amd64 3.6.7-4+deb10u8
2024-06-29 21:26:26 status installed libgnutls30:amd64 3.6.7-4+deb10u8
2024-06-29 21:26:26 configure sed:amd64 4.7-1 <none>
2024-06-29 21:26:26 status unpacked sed:amd64 4.7-1
2024-06-29 21:26:26 status half-configured sed:amd64 4.7-1
2024-06-29 21:26:26 status installed sed:amd64 4.7-1
2024-06-29 21:26:26 configure libfdisk1:amd64 2.33.1-0.1 <none>
2024-06-29 21:26:26 status unpacked libfdisk1:amd64 2.33.1-0.1
2024-06-29 21:26:26 status half-configured libfdisk1:amd64 2.33.1-0.1
2024-06-29 21:26:26 status installed libfdisk1:amd64 2.33.1-0.1
2024-06-29 21:26:26 configure findutils:amd64 4.6.0+git+20190209-2 <none>
2024-06-29 21:26:26 status unpacked findutils:amd64 4.6.0+git+20190209-2
2024-06-29 21:26:26 status half-configured findutils:amd64 4.6.0+git+20190209-2
2024-06-29 21:26:26 status installed findutils:amd64 4.6.0+git+20190209-2
2024-06-29 21:26:26 configure libmount1:amd64 2.33.1-0.1 <none>
2024-06-29 21:26:26 status unpacked libmount1:amd64 2.33.1-0.1
2024-06-29 21:26:26 status half-configured libmount1:amd64 2.33.1-0.1
2024-06-29 21:26:26 status installed libmount1:amd64 2.33.1-0.1
2024-06-29 21:26:26 configure libapt-pkg5.0:amd64 1.8.2.3 <none>
2024-06-29 21:26:26 status unpacked libapt-pkg5.0:amd64 1.8.2.3
2024-06-29 21:26:26 status half-configured libapt-pkg5.0:amd64 1.8.2.3
2024-06-29 21:26:26 status installed libapt-pkg5.0:amd64 1.8.2.3
2024-06-29 21:26:26 configure libsemanage1:amd64 2.8-2 <none>
2024-06-29 21:26:26 status unpacked libsemanage1:amd64 2.8-2
2024-06-29 21:26:26 status half-configured libsemanage1:amd64 2.8-2
2024-06-29 21:26:26 status installed libsemanage1:amd64 2.8-2
2024-06-29 21:26:26 configure tar:amd64 1.30+dfsg-6 <none>
2024-06-29 21:26:26 status unpacked tar:amd64 1.30+dfsg-6
2024-06-29 21:26:26 status half-configured tar:amd64 1.30+dfsg-6
2024-06-29 21:26:26 status installed tar:amd64 1.30+dfsg-6
2024-06-29 21:26:26 configure coreutils:amd64 8.30-3 <none>
2024-06-29 21:26:26 status unpacked coreutils:amd64 8.30-3
2024-06-29 21:26:26 status half-configured coreutils:amd64 8.30-3
2024-06-29 21:26:26 status installed coreutils:amd64 8.30-3
2024-06-29 21:26:26 configure fdisk:amd64 2.33.1-0.1 <none>
2024-06-29 21:26:26 status unpacked fdisk:amd64 2.33.1-0.1
2024-06-29 21:26:26 status half-configured fdisk:amd64 2.33.1-0.1
2024-06-29 21:26:26 status installed fdisk:amd64 2.33.1-0.1
2024-06-29 21:26:26 configure dpkg:amd64 1.19.8 <none>
2024-06-29 21:26:26 status unpacked dpkg:amd64 1.19.8
2024-06-29 21:26:26 status half-configured dpkg:amd64 1.19.8
2024-06-29 21:26:26 status installed dpkg:amd64 1.19.8
2024-06-29 21:26:26 configure grep:amd64 3.3-1 <none>
2024-06-29 21:26:26 status unpacked grep:amd64 3.3-1
2024-06-29 21:26:26 status half-configured grep:amd64 3.3-1
2024-06-29 21:26:26 status installed grep:amd64 3.3-1
2024-06-29 21:26:26 configure perl-base:amd64 5.28.1-6+deb10u1 <none>
2024-06-29 21:26:26 status unpacked perl-base:amd64 5.28.1-6+deb10u1
2024-06-29 21:26:26 status half-configured perl-base:amd64 5.28.1-6+deb10u1
2024-06-29 21:26:26 status installed perl-base:amd64 5.28.1-6+deb10u1
2024-06-29 21:26:26 configure init-system-helpers:all 1.56+nmu1 <none>
2024-06-29 21:26:26 status unpacked init-system-helpers:all 1.56+nmu1
2024-06-29 21:26:26 status half-configured init-system-helpers:all 1.56+nmu1
2024-06-29 21:26:26 status installed init-system-helpers:all 1.56+nmu1
2024-06-29 21:26:26 configure gzip:amd64 1.9-3+deb10u1 <none>
2024-06-29 21:26:26 status unpacked gzip:amd64 1.9-3+deb10u1
2024-06-29 21:26:26 status half-configured gzip:amd64 1.9-3+deb10u1
2024-06-29 21:26:26 status installed gzip:amd64 1.9-3+deb10u1
2024-06-29 21:26:26 configure debconf:all 1.5.71+deb10u1 <none>
2024-06-29 21:26:26 status unpacked debconf:all 1.5.71+deb10u1
2024-06-29 21:26:26 status half-configured debconf:all 1.5.71+deb10u1
2024-06-29 21:26:27 status installed debconf:all 1.5.71+deb10u1
2024-06-29 21:26:27 configure tzdata:all 2021a-0+deb10u6 <none>
2024-06-29 21:26:27 status unpacked tzdata:all 2021a-0+deb10u6
2024-06-29 21:26:27 status half-configured tzdata:all 2021a-0+deb10u6
2024-06-29 21:26:27 status installed tzdata:all 2021a-0+deb10u6
2024-06-29 21:26:27 configure libpam0g:amd64 1.3.1-5 <none>
2024-06-29 21:26:27 status unpacked libpam0g:amd64 1.3.1-5
2024-06-29 21:26:27 status half-configured libpam0g:amd64 1.3.1-5
2024-06-29 21:26:27 status installed libpam0g:amd64 1.3.1-5
2024-06-29 21:26:27 configure dash:amd64 0.5.10.2-5 <none>
2024-06-29 21:26:27 status unpacked dash:amd64 0.5.10.2-5
2024-06-29 21:26:27 status half-configured dash:amd64 0.5.10.2-5
2024-06-29 21:26:27 status installed dash:amd64 0.5.10.2-5
2024-06-29 21:26:27 configure libpam-modules-bin:amd64 1.3.1-5 <none>
2024-06-29 21:26:27 status unpacked libpam-modules-bin:amd64 1.3.1-5
2024-06-29 21:26:27 status half-configured libpam-modules-bin:amd64 1.3.1-5
2024-06-29 21:26:27 status installed libpam-modules-bin:amd64 1.3.1-5
2024-06-29 21:26:27 configure libpam-modules:amd64 1.3.1-5 <none>
2024-06-29 21:26:27 status unpacked libpam-modules:amd64 1.3.1-5
2024-06-29 21:26:27 status half-configured libpam-modules:amd64 1.3.1-5
2024-06-29 21:26:27 status installed libpam-modules:amd64 1.3.1-5
2024-06-29 21:26:27 configure passwd:amd64 1:4.5-1.1 <none>
2024-06-29 21:26:27 status unpacked passwd:amd64 1:4.5-1.1
2024-06-29 21:26:27 status half-configured passwd:amd64 1:4.5-1.1
2024-06-29 21:26:27 status installed passwd:amd64 1:4.5-1.1
2024-06-29 21:26:27 configure libpam-runtime:all 1.3.1-5 <none>
2024-06-29 21:26:27 status unpacked libpam-runtime:all 1.3.1-5
2024-06-29 21:26:27 status half-configured libpam-runtime:all 1.3.1-5
2024-06-29 21:26:27 status installed libpam-runtime:all 1.3.1-5
2024-06-29 21:26:27 configure login:amd64 1:4.5-1.1 <none>
2024-06-29 21:26:27 status unpacked login:amd64 1:4.5-1.1
2024-06-29 21:26:27 status half-configured login:amd64 1:4.5-1.1
2024-06-29 21:26:27 status installed login:amd64 1:4.5-1.1
2024-06-29 21:26:27 configure adduser:all 3.118 <none>
2024-06-29 21:26:27 status unpacked adduser:all 3.118
2024-06-29 21:26:27 status half-configured adduser:all 3.118
2024-06-29 21:26:27 status installed adduser:all 3.118
2024-06-29 21:26:27 configure apt:amd64 1.8.2.3 <none>
2024-06-29 21:26:27 status unpacked apt:amd64 1.8.2.3
2024-06-29 21:26:27 status half-configured apt:amd64 1.8.2.3
2024-06-29 21:26:28 status installed apt:amd64 1.8.2.3
2024-06-29 21:26:28 configure util-linux:amd64 2.33.1-0.1 <none>
2024-06-29 21:26:28 status unpacked util-linux:amd64 2.33.1-0.1
2024-06-29 21:26:28 status half-configured util-linux:amd64 2.33.1-0.1
2024-06-29 21:26:28 status installed util-linux:amd64 2.33.1-0.1
2024-06-29 21:26:28 configure mount:amd64 2.33.1-0.1 <none>
2024-06-29 21:26:28 status unpacked mount:amd64 2.33.1-0.1
2024-06-29 21:26:28 status half-configured mount:amd64 2.33.1-0.1
2024-06-29 21:26:28 status installed mount:amd64 2.33.1-0.1
2024-06-29 21:26:28 configure sysvinit-utils:amd64 2.93-8 <none>
2024-06-29 21:26:28 status unpacked sysvinit-utils:amd64 2.93-8
2024-06-29 21:26:28 status half-configured sysvinit-utils:amd64 2.93-8
2024-06-29 21:26:28 status installed sysvinit-utils:amd64 2.93-8
2024-06-29 21:26:28 trigproc libc-bin:amd64 2.28-10+deb10u1 <none>
2024-06-29 21:26:28 status half-configured libc-bin:amd64 2.28-10+deb10u1
2024-06-29 21:26:28 status installed libc-bin:amd64 2.28-10+deb10u1
2024-06-29 21:26:28 startup archives unpack
2024-06-29 21:26:28 install ca-certificates:all <none> 20200601~deb10u2
2024-06-29 21:26:28 status half-installed ca-certificates:all 20200601~deb10u2
2024-06-29 21:26:28 status unpacked ca-certificates:all 20200601~deb10u2
2024-06-29 21:26:28 install libssl1.1:amd64 <none> 1.1.1n-0+deb10u3
2024-06-29 21:26:28 status triggers-pending libc-bin:amd64 2.28-10+deb10u1
2024-06-29 21:26:28 status half-installed libssl1.1:amd64 1.1.1n-0+deb10u3
2024-06-29 21:26:28 status unpacked libssl1.1:amd64 1.1.1n-0+deb10u3
2024-06-29 21:26:28 install openssl:amd64 <none> 1.1.1n-0+deb10u3
2024-06-29 21:26:28 status half-installed openssl:amd64 1.1.1n-0+deb10u3
2024-06-29 21:26:28 status unpacked openssl:amd64 1.1.1n-0+deb10u3
2024-06-29 21:26:28 trigproc libc-bin:amd64 2.28-10+deb10u1 <none>
2024-06-29 21:26:28 status half-configured libc-bin:amd64 2.28-10+deb10u1
2024-06-29 21:26:28 status installed libc-bin:amd64 2.28-10+deb10u1
2024-06-29 21:26:28 startup packages configure
2024-06-29 21:26:28 configure libssl1.1:amd64 1.1.1n-0+deb10u3 <none>
2024-06-29 21:26:28 status triggers-pending libc-bin:amd64 2.28-10+deb10u1
2024-06-29 21:26:28 status unpacked libssl1.1:amd64 1.1.1n-0+deb10u3
2024-06-29 21:26:28 status half-configured libssl1.1:amd64 1.1.1n-0+deb10u3
2024-06-29 21:26:28 status installed libssl1.1:amd64 1.1.1n-0+deb10u3
2024-06-29 21:26:28 configure openssl:amd64 1.1.1n-0+deb10u3 <none>
2024-06-29 21:26:28 status unpacked openssl:amd64 1.1.1n-0+deb10u3
2024-06-29 21:26:28 status half-configured openssl:amd64 1.1.1n-0+deb10u3
2024-06-29 21:26:28 status installed openssl:amd64 1.1.1n-0+deb10u3
2024-06-29 21:26:28 configure ca-certificates:all 20200601~deb10u2 <none>
2024-06-29 21:26:28 status unpacked ca-certificates:all 20200601~deb10u2
2024-06-29 21:26:28 status half-configured ca-certificates:all 20200601~deb10u2
2024-06-29 21:26:29 status installed ca-certificates:all 20200601~deb10u2
2024-06-29 21:26:29 status triggers-pending ca-certificates:all 20200601~deb10u2
2024-06-29 21:26:29 trigproc libc-bin:amd64 2.28-10+deb10u1 <none>
2024-06-29 21:26:29 status half-configured libc-bin:amd64 2.28-10+deb10u1
2024-06-29 21:26:29 status installed libc-bin:amd64 2.28-10+deb10u1
2024-06-29 21:26:29 trigproc ca-certificates:all 20200601~deb10u2 <none>
2024-06-29 21:26:29 status half-configured ca-certificates:all 20200601~deb10u2
2024-06-29 21:26:30 status installed ca-certificates:all 20200601~deb10u2
